12.425
12.425
12.399
12.383
12.372
12.366
12.337
12.331
12.333
12.337
12.332
12.325
12.323
12.318
12.32
12.328
12.337
12.334
12.336
12.334
12.321
12.322
12.312
12.33
12.321
12.31
12.312
12.321
12.341
12.383
12.411
12.416
12.4
12.399
12.39
12.37
12.37
12.384
12.41
12.433
12.399
12.397
12.436
12.456
12.475
12.494
12.504
12.494
12.473
12.464
12.465
12.456
12.438
12.4
12.369
12.362
12.367
12.351
12.346
12.331
12.34
12.348
12.349
12.334
12.304
12.307
12.314
12.322
12.327
12.334
12.341
12.347
12.357
12.355
12.343
12.321
12.303
12.292
12.296
12.307
12.315
12.33
12.349
12.341
12.352
12.361
12.37
12.392
12.42
12.408
12.384
12.365
12.364
12.385
12.385
12.345
12.34
12.363
12.363
12.364
12.311
12.284
12.276
12.272
12.27
12.269
12.275
12.267
12.259
12.265
12.259
12.236
12.22
12.22
12.227
12.219
12.212
12.199
12.194
12.182
12.171
12.168
12.167
12.165
12.168
12.171
12.166
12.165
12.161
12.154
12.153
12.149
12.151
12.146
12.126
12.111
12.102
12.109
12.114
12.118
12.114
12.11
12.102
12.098
12.099
12.094
12.099
12.125
12.133
12.134
12.14
12.157
12.175
12.197
12.208
12.235
12.243
12.244
12.258
12.245
12.237
12.212
12.221
12.21
12.227
12.225
12.236
12.243
12.247
12.283
12.306
12.316
12.308
12.286
12.269
12.275
12.282
12.284
12.264
12.245
12.248
12.25
12.254
12.25
12.24
12.236
12.224
12.234
12.243
12.246
12.261
12.283
12.294
12.31
12.308
12.312
12.282
12.293
12.292
12.332
12.371
12.414
12.435
12.45
12.425
12.422
12.466
12.508
12.522
12.524
12.545
12.567
12.577
12.589
12.634
12.656
12.648
12.633
12.648
12.665
12.667
12.671
12.683
12.703
12.731
12.751
12.783
12.783
12.8
12.813
12.727
12.682
12.659
12.668
12.684
12.635
12.606
12.576
12.619
12.608
12.595
12.568
12.497
12.48
12.505
12.518
12.525
12.6
12.665
12.724
13.021
13.124
13.008
13.032
13.115
13.248
13.318
13.214
13.22
13.236
13.219
13.268
13.338
13.359
13.389
13.511
13.652
13.837
13.941
13.766
13.67
13.683
13.702
13.711
13.698
13.675
13.751
13.848
13.875
13.865
13.921
14.159
14.202
14.026
13.948
13.993
14.042
14.083
14.261
14.247
14.189
14.301
14.419
14.497
14.71
14.733
14.627
14.503
14.294
14.028
13.857
13.856
13.781
13.849
13.933
13.97
13.994
14.053
14.187
14.183
14.192
14.136
14.209
14.184
14.145
14.113
14.082
14.064
14.052
14.062
14.011
14.0
14.141
14.237
14.315
14.421
14.486
14.486
14.474
14.35
14.298
14.402
14.49
14.739
14.792
14.718
14.585
14.599
14.837
15.001
14.99
14.839
14.761
14.773
14.654
14.582
14.645
14.749
14.778
14.743
14.723
14.741
14.864
14.996
15.065
14.975
15.058
15.167
15.43
15.597
15.801
16.089
16.283
16.293
16.317
16.407
16.388
16.491
16.605
16.601
16.23
15.888
15.617
15.382
15.246
15.491
15.908
16.025
16.126
16.326
16.403
16.34
16.287
16.222
16.138
16.11
16.104
16.29
16.468
16.687
16.905
17.068
17.216
17.075
16.879
16.578
16.591
16.625
16.609
16.772
17.021
17.043
17.05
17.057
16.942
16.779
16.454
16.222
16.09
16.106
16.288
16.525
16.866
16.978
17.182
17.272
17.311
17.741
18.068
18.22
18.338
18.394
17.875
17.421
17.509
17.671
17.288
17.203
17.368
17.933
17.965
18.019
17.962
17.63
17.363
17.216
17.264
17.264
17.282
17.084
17.281
17.72
18.167
17.931
17.791
17.95
18.043
18.053
17.907
17.58
17.303
17.48
17.609
17.742
17.684
17.447
17.28
17.245
17.226
17.335
17.327
17.251
17.268
17.533
17.508
17.528
17.312
16.949
16.798
16.811
16.906
16.887
16.783
16.892
16.922
17.008
16.956
16.957
17.182
17.603
17.861
18.11
18.419
18.565
18.462
18.476
18.474
18.108
18.092
17.914
17.962
18.047
18.012
17.888
17.816
17.931
18.163
18.374
18.548
18.499
18.478
18.439
18.158
17.936
17.953
17.952
17.88
17.957
17.94
18.133
18.22
18.065
18.088
17.893
17.651
17.776
17.671
17.567
17.554
17.385
17.411
17.442
17.662
17.952
18.051
17.995
18.13
18.708
18.672
18.803
19.148
19.263
19.37
19.413
19.625
19.449
19.053
18.569
18.245
18.131
18.087
17.879
17.908
17.761
17.9
18.152
18.273
18.227
18.318
18.263
18.607
18.936
19.042
19.224
19.447
19.658
19.616
19.683
19.605
19.712
19.712
19.551
19.465
19.492
19.409
19.4
19.543
19.583
19.516
19.385
19.438
19.433
19.294
19.229
19.474
19.419
19.301
19.29
19.334
19.528
19.706
19.813
19.867
19.974
20.127
20.147
19.972
19.884
19.617
19.574
19.644
19.641
19.366
19.32
19.366
19.464
19.505
19.527
19.534
19.545
19.524
19.458
19.35
19.252
19.081
19.145
19.222
19.163
19.19
19.401
19.746
20.084
20.424
20.605
20.533
20.33
20.486
20.697
20.686
20.495
20.348
20.579
20.775
20.694
20.546
20.472
20.5
20.524
20.389
20.339
20.477
20.499
20.286
20.043
19.97
19.676
19.763
19.96
19.974
20.074
20.053
19.844
19.557
19.524
19.562
19.286
19.059
19.239
19.121
18.884
18.799
18.796
18.824
18.97
19.056
19.007
19.048
18.965
18.694
18.664
18.612
18.784
18.878
18.857
18.815
18.704
18.719
18.703
18.602
18.347
18.449
18.544
18.564
18.742
18.57
18.435
18.422
18.494
18.732
18.944
19.088
19.063
19.136
18.989
19.044
19.214
19.254
19.002
18.521
18.432
18.513
18.509
18.501
18.338
18.22
18.099
18.006
18.005
17.966
17.971
17.931
17.806
17.718
17.67
17.743
17.865
17.919
17.8
17.658
17.627
17.576
17.581
17.48
17.402
17.362
17.349
17.281
17.252
17.23
17.165
17.104
17.084
17.046
17.091
17.108
17.083
17.163
17.184
17.142
17.195
17.19
17.118
17.085
17.125
17.184
17.288
17.365
17.317
17.283
17.311
17.37
17.356
17.293
17.271
17.307
17.294
17.35
17.426
17.451
17.493
17.518
17.569
17.691
17.924
18.104
18.265
18.328
18.486
18.676
18.726
18.762
18.594
18.394
18.378
18.523
18.714
18.849
18.907
18.834
18.564
18.332
18.227
18.132
18.169
18.204
18.147
18.119
18.247
18.361
18.479
18.284
18.123
18.179
18.313
18.443
18.45
18.275
18.198
18.199
18.265
18.329
18.36
18.295
18.316
18.448
18.487
18.399
18.329
18.162
17.931
17.804
17.784
17.685
17.612
17.49
17.578
17.669
17.731
17.858
17.799
17.638
17.425
17.338
17.204
17.176
17.237
17.32
17.366
17.43
17.475
17.42
17.376
17.456
17.558
17.568
17.603
17.399
17.263
17.295
17.373
17.351
17.292
17.122
16.972
17.044
17.101
17.125
17.112
17.063
16.958
16.772
16.665
16.627
16.512
16.456
16.481
16.523
16.573
16.677
16.733
16.756
16.849
16.842
16.733
16.871
17.003
16.863
16.699
16.566
16.456
16.503
16.545
16.427
16.381
16.398
16.442
16.421
16.327
16.293
16.286
16.292
16.333
16.277
16.147
16.142
16.173
16.14
16.114
16.14
16.159
16.17
16.174
16.19
16.184
16.164
16.1
16.039
15.946
15.85
15.816
15.814
15.813
15.797
15.808
15.829
15.831
15.873
15.929
15.93
15.898
15.879
15.852
15.819
15.769
15.723
15.718
15.722
15.74
15.763
15.741
15.711
15.707
15.694
15.664
15.574
15.481
15.434
15.413
15.333
15.277
15.264
15.264
15.272
15.29
15.282
15.23
15.18
15.192
15.245
15.255
15.259
15.219
15.189
15.195
15.217
15.228
15.195
15.166
15.132
15.091
15.031
14.99
14.955
14.928
14.9
14.869
14.843
14.831
14.857
14.859
14.873
14.885
14.893
14.898
14.9
14.9
14.869
14.84
14.795
14.782
14.761
14.75
14.775
14.777
14.711
14.683
14.645
14.599
14.565
14.543
14.514
14.485
14.446
14.419
14.394
14.35
14.322
14.316
14.325
14.3
14.248
14.206
14.193
14.189
14.164
14.122
14.102
14.089
14.112
14.159
14.176
14.204
14.221
14.24
14.261
14.304
14.328
14.304
14.232
14.17
14.137
14.122
14.121
14.11
14.086
14.062
14.026
14.0
14.009
14.023
14.026
14.022
14.018
14.028
14.008
14.016
14.06
14.079
14.076
14.06
14.038
14.006
13.978
13.948
13.921
13.895
13.88
13.883
13.852
13.817
13.783
13.759
13.777
13.809
13.839
13.877
13.9
13.872
13.885
13.902
13.887
13.888
13.892
13.874
13.846
13.805
13.815
13.784
13.735
13.681
13.64
13.608
13.574
13.546
13.521
13.487
13.45
13.436
13.417
13.393
13.382
13.375
13.355
13.341
13.363
13.39
13.407
13.417
13.442
13.439
13.404
13.35
13.293
13.253
13.224
13.19
13.135
13.088
13.051
13.002
12.956
12.931
12.943
12.957
12.954
12.928
12.918
12.898
12.871
12.865
12.832
12.795
12.788
12.794
12.799
12.794
12.772
12.758
12.735
12.73
12.719
12.717
12.707
12.707
12.702
12.707
12.708
12.695
12.687
12.68
12.683
12.686
12.682
12.688
12.693
12.687
12.67
12.664
12.666
12.67
12.671
12.653
12.636
12.621
12.611
12.595
12.593
12.572
12.564
12.551
12.538
12.506
12.479
12.478
12.481
12.47
12.46
12.448
12.437
12.44
12.45
12.455
12.455
12.451
12.456
12.466
12.477
12.489
12.492
12.505
12.511
12.522
12.522
12.541
12.568
12.601
12.636
12.64
12.647
12.65
12.656
12.639
12.624
12.628
12.637
12.661
12.671
12.678
12.696
12.708
12.685
12.657
12.674
12.699
12.71
12.715
12.71
12.643
12.557
12.547
12.554
12.573
12.581
12.569
12.561
12.568
12.559
12.565
12.588
12.626
12.654
12.658
12.644
12.624
12.649
12.648
12.655
12.656
12.657
12.678
12.691
12.697
12.688
12.694
12.698
12.702
12.698
12.687
12.677
12.675
12.666
12.668
12.642
12.642
12.649
12.65
12.63
12.628
12.639
12.642
12.638
12.634
12.607
12.565
12.535
12.492
12.434
12.387
12.35
12.294
12.227
12.197
12.157
12.135
12.124
12.124
12.125
12.14
12.155
12.151
12.11
12.038
11.981
11.921
11.858
11.803
11.758
11.755
11.765
11.782
11.797
11.813
11.838
11.865
11.923
11.967
11.967
11.995
12.045
12.089
12.125
12.149
12.145
12.141
12.133
12.13
12.128
12.136
12.139
12.149
12.155
12.155
12.169
12.202
12.221
12.23
12.253
12.276
12.289
12.269
12.238
12.198
12.137
12.104
12.088
12.072
12.068
12.054
12.051
12.061
12.063
12.053
12.059
12.055
12.047
12.038
12.01
11.996
12.007
12.032
12.041
12.057
12.065
12.059
12.093
12.122
12.095
12.061
12.067
12.083
12.118
12.151
12.174
12.181
12.163
12.165
12.152
12.147
12.158
12.182
12.195
12.18
12.171
12.182
12.189
12.222
12.239
12.261
12.265
12.286
12.29
12.33
12.335
12.338
12.365
12.383
12.414
12.395
12.38
12.386
12.386
12.403
12.401
12.364
12.346
12.363
12.366
12.378
12.4
12.424
12.453
12.457
12.463
12.469
12.471
12.455
12.446
12.424
12.413
12.41
12.417
12.411
12.406
12.408
12.407
12.395
12.391
12.394
12.402
12.415
12.413
12.412
12.413
12.417
12.425
12.442
12.452
12.443
12.444
12.444
12.458
12.46
12.44
12.425
12.427
12.432
12.444
12.468
12.47
12.463
12.468
12.487
12.461
12.463
12.471
12.483
12.507
12.521
12.548
12.561
12.559
12.553
12.573
12.56
12.576
12.599
12.618
12.63
12.628
12.625
12.596
12.609
12.606
12.596
12.613
12.623
12.62
12.622
12.642
12.659
12.667
12.666
12.652
12.658
12.679
12.682
12.695
12.701
12.715
12.745
12.775
12.77
12.758
12.759
12.734
12.719
12.732
12.735
12.717
12.714
12.714
12.707
12.715
12.741
12.711
12.704
12.703
12.703
12.704
12.691
12.664
12.646
12.619
12.622
12.622
12.618
12.613
12.612
12.589
12.559
12.554
12.544
12.546
12.546
12.563
12.547
12.533
12.529
12.536
12.529
12.515
12.476
12.464
12.462
12.448
12.442
12.447
12.448
12.449
12.451
12.469
12.482
12.481
12.473
12.465
12.456
12.439
12.444
12.465
12.454
12.432
12.44
12.456
12.457
12.463
12.45
12.447
12.468
12.448
12.455
12.423
12.415
12.407
12.395
12.385
12.364
12.374
12.376
12.388
12.372
12.365
12.384
12.4
12.397
12.404
12.424
12.433
12.442
12.437
12.437
12.449
12.427
12.395
12.39
12.385
12.378
12.375
12.362
12.323
12.317
12.315
12.281
12.26
12.257
12.235
12.217
12.215
12.203
12.183
12.17
12.154
12.148
12.14
12.133
12.128
12.103
12.087
12.097
12.092
12.096
12.078
12.083
12.079
12.051
12.024
12.008
12.004
12.008
12.022
12.027
12.019
12.015
12.016
12.022
12.022
12.01
11.995
11.985
11.983
11.967
11.966
11.979
11.985
11.993
12.033
12.054
12.083
12.118
12.13
12.112
12.096
12.066
12.057
12.058
12.064
12.073
12.095
12.126
12.118
12.105
12.087
12.083
12.085
12.108
12.12
12.113
12.118
12.11
12.119
12.119
12.13
12.136
12.149
12.16
12.167
12.18
12.182
12.203
12.239
12.261
12.266
12.265
12.26
12.287
12.296
12.287
12.271
12.248
12.236
12.25
12.258
12.248
12.23
12.217
12.222
12.19
12.143
12.124
12.119
12.127
12.117
12.102
12.089
12.087
12.068
12.055
12.057
12.011
11.954
11.874
11.796
11.714
11.646
11.585
11.538
11.502
11.503
11.481
11.485
11.493
11.51
11.515
11.539
11.535
11.534
11.53
11.554
11.56
11.557
11.591
11.636
11.653
11.665
11.68
11.714
11.718
11.743
11.759
11.755
11.752
11.764
11.755
11.758
11.765
11.78
11.78
11.811
11.851
11.886
11.892
11.9
11.936
11.927
11.871
11.859
11.881
11.911
11.983
12.037
12.036
12.031
12.038
12.097
12.153
12.17
12.218
12.235
12.245
12.257
12.248
12.254
12.241
12.178
12.17
12.2
12.256
12.261
12.248
12.258
12.262
12.27
12.288
12.277
12.239
12.206
12.229
12.215
12.232
12.224
12.314
12.354
12.379
12.387
12.388
12.437
12.424
12.449
12.395
12.317
12.257
12.271
12.253
12.212
12.194
12.176
12.143
12.115
12.12
12.177
12.246
12.271
12.351
12.41
12.397
12.435
12.432
12.362
12.381
12.431
12.412
12.4
12.441
12.493
12.493
12.507
12.551
12.65
12.685
12.773
12.901
12.867
12.807
12.857
13.004
13.052
13.02
13.075
13.134
13.225
13.329
13.283
13.311
13.46
13.649
13.748
13.697
13.76
13.986
14.057
14.134
13.948
13.74
13.744
13.708
13.702
13.875
14.041
14.289
14.347
14.433
14.509
14.448
14.291
14.306
14.165
14.18
14.369
14.522
14.734
14.667
14.646
14.773
14.725
14.632
14.689
14.694
14.747
14.908
15.284
15.618
15.617
15.464
15.11
14.96
14.918
14.827
14.684
14.662
14.666
14.762
14.95
15.02
14.895
15.054
15.073
15.142
15.303
15.205
15.161
15.2
15.226
15.207
15.333
15.497
15.594
15.498
15.436
15.365
15.433
15.538
15.427
15.399
15.639
15.997
16.129
16.245
16.398
16.416
16.457
16.337
16.237
16.218
16.194
16.126
16.098
16.069
16.038
15.992
15.95
16.042
16.285
16.556
16.506
16.376
16.304
16.335
16.487
16.792
17.101
17.043
16.852
16.793
16.82
16.818
16.726
16.83
17.063
17.252
17.341
17.4
17.402
17.416
17.363
17.371
17.384
17.325
17.213
16.99
16.924
16.929
16.983
16.925
17.078
17.296
17.583
17.809
17.823
18.063
18.057
18.076
18.389
18.43
18.455
18.724
18.617
18.277
18.328
18.619
18.8
18.57
18.27
18.036
18.113
18.262
18.119
17.979
17.948
18.042
17.988
17.765
17.817
17.83
17.996
18.478
18.408
18.321
18.551
18.877
19.087
18.723
18.421
18.562
18.726
18.737
18.869
19.175
19.369
19.171
19.125
19.403
19.338
19.165
19.097
18.924
18.951
19.113
19.34
19.433
19.558
19.368
19.295
19.429
19.445
19.358
19.357
19.693
20.06
19.76
19.404
19.274
19.262
19.607
19.45
19.382
19.405
19.583
19.673
19.812
19.602
19.722
20.024
20.063
20.19
20.14
19.845
20.036
20.517
20.744
20.575
20.566
20.641
20.71
20.805
21.039
21.05
20.545
20.296
20.167
20.056
20.222
20.222
20.027
20.065
20.304
20.379
20.375
20.858
21.054
21.132
20.939
20.851
20.763
20.795
20.809
20.743
20.853
20.602
20.354
20.461
20.56
20.559
20.504
20.498
20.619
20.78
21.096
21.145
21.055
21.004
20.999
20.922
21.125
21.217
21.128
21.057
21.076
21.194
21.259
21.369
21.145
21.286
21.315
21.122
21.047
21.238
21.212
21.232
21.425
21.633
21.985
22.032
21.651
21.421
21.086
21.185
21.216
21.16
21.239
21.207
21.353
21.423
21.417
20.997
21.06
21.162
20.986
21.1
21.016
20.726
20.832
21.052
21.154
21.557
21.726
21.558
21.547
21.256
21.446
21.283
20.844
20.592
20.53
20.325
20.116
20.231
20.189
19.93
19.793
20.133
20.592
20.537
19.976
19.915
20.006
19.941
20.379
20.439
20.357
20.556
20.756
20.723
20.982
20.887
20.809
20.156
19.783
19.707
19.703
19.654
20.074
20.463
20.596
21.215
21.487
21.389
21.163
20.844
20.541
20.402
20.565
20.524
20.522
20.329
20.203
20.487
21.131
21.424
21.315
21.238
21.011
20.765
20.433
20.309
20.163
20.013
20.024
20.153
20.211
20.077
19.926
19.821
19.804
19.744
19.85
19.997
20.263
20.664
20.889
21.132
21.224
21.121
21.317
21.244
20.831
20.978
21.289
21.544
21.612
21.512
21.416
21.487
21.403
21.249
21.209
20.883
20.449
20.472
20.45
20.301
19.954
19.612
19.572
19.554
19.658
19.636
19.807
19.863
19.803
19.531
19.479
19.558
19.57
19.779
20.015
20.133
20.364
20.508
20.536
20.73
20.791
20.539
20.158
19.996
19.927
19.862
19.933
20.044
20.146
19.962
20.008
20.15
20.083
19.82
19.84
20.409
20.531
20.668
20.267
19.781
19.82
20.188
20.513
20.357
20.236
20.499
20.664
20.718
20.905
20.928
20.817
20.93
20.906
20.753
20.685
20.481
20.494
20.582
20.419
20.537
20.727
20.77
20.772
20.812
20.85
20.922
21.033
21.088
21.34
21.426
20.874
20.425
20.326
20.401
20.443
20.427
20.456
20.37
20.554
20.805
20.551
19.937
19.658
19.356
19.045
18.846
18.841
18.606
18.576
18.767
18.633
18.318
18.255
18.265
18.134
17.883
17.797
17.934
17.86
18.087
18.261
18.307
18.151
18.173
18.303
18.487
18.491
18.201
18.167
18.403
18.689
18.495
18.214
18.074
17.988
17.99
18.019
18.175
18.121
18.115
17.997
17.939
17.844
17.86
17.579
17.37
17.176
17.048
17.099
16.966
16.734
16.641
16.713
16.659
16.545
16.399
16.399
16.281
16.222
16.301
16.33
16.288
16.301
16.288
16.335
16.295
16.208
16.142
16.152
16.208
16.138
16.061
16.004
15.982
15.948
15.957
15.887
15.759
15.754
15.827
15.846
15.794
15.744
15.747
15.739
15.727
15.731
15.783
15.905
15.975
15.972
15.935
15.918
15.86
15.83
15.785
15.73
15.596
15.503
15.508
15.449
15.442
15.456
15.498
15.512
15.464
15.428
15.431
15.432
15.389
15.355
15.35
15.343
15.318
15.289
15.261
15.216
15.184
15.171
15.164
15.164
15.169
15.163
15.16
15.159
15.152
15.091
15.016
14.907
14.799
14.733
14.683
14.63
14.561
14.521
14.502
14.496
14.471
14.448
14.436
14.435
14.452
14.463
14.466
14.468
14.476
14.473
14.487
14.497
14.5
14.513
14.488
14.457
14.441
14.433
14.429
14.438
14.46
14.433
14.397
14.396
14.418
14.437
14.435
14.446
14.465
14.469
14.475
14.409
14.344
14.338
14.325
14.298
14.297
14.325
14.338
14.378
14.386
14.385
14.348
14.273
14.241
14.167
14.033
13.877
13.736
13.695
13.609
13.492
13.436
13.355
13.3
13.284
13.231
13.22
13.185
13.182
13.207
13.189
13.173
13.165
13.185
13.184
13.2
13.22
13.166
13.171
13.191
13.194
13.213
13.193
13.17
13.157
13.149
13.146
13.135
13.123
13.141
13.114
13.125
13.136
13.138
13.115
13.148
13.198
13.218
13.19
13.158
13.166
13.217
13.209
13.223
13.208
13.211
13.202
13.186
13.173
13.162
13.154
13.182
13.18
13.181
13.178
13.159
13.171
13.189
13.163
13.174
13.184
13.188
13.214
13.215
13.216
13.249
13.271
13.303
13.299
13.311
13.326
13.326
13.355
13.344
13.346
13.363
13.357
13.376
13.375
13.368
13.364
13.373
13.356
13.35
13.337
13.365
13.403
13.422
13.385
13.452
13.462
13.489
13.484
13.473
13.439
13.386
13.375
13.374
13.371
13.391
13.388
13.345
13.316
13.333
13.355
13.357
13.339
13.329
13.294
13.26
13.249
13.259
13.262
13.266
13.256
13.28
13.292
13.264
13.273
13.262
13.23
13.231
13.223
13.211
13.176
13.096
13.094
13.108
13.092
13.102
13.101
13.094
13.106
13.149
13.154
13.14
13.073
13.078
13.077
13.065
13.067
13.068
13.062
13.073
13.076
13.092
13.14
13.162
13.125
13.076
13.064
13.04
13.032
13.031
13.032
13.002
13.02
13.002
13.001
12.987
12.94
12.931
12.944
12.895
12.853
12.85
12.844
12.801
12.76
12.746
12.767
12.741
12.755
12.788
12.798
12.811
12.826
12.838
12.846
12.862
12.829
12.782
12.812
12.798
12.76
12.723
12.749
12.761
12.764
12.795
12.762
12.73
12.745
12.757
12.743
12.762
12.746
12.712
12.725
12.747
12.747
12.743
12.718
12.763
12.781
12.786
12.788
12.828
12.788
12.812
12.835
12.82
12.821
12.831
12.814
12.794
12.772
12.766
12.747
12.743
12.746
12.712
12.664
12.657
12.673
12.673
12.672
12.67
12.666
12.671
12.682
12.66
12.645
12.639
12.619
12.603
12.594
12.601
12.597
12.624
12.655
12.642
12.659
12.704
12.682
12.653
12.655
12.689
12.721
12.707
12.645
12.614
12.628
12.674
12.759
12.828
12.885
12.933
12.96
12.987
13.023
13.012
12.978
12.95
12.906
12.877
12.885
12.914
12.915
12.942
12.954
12.948
12.957
12.962
12.967
12.955
12.904
12.85
12.805
12.78
12.775
12.786
12.764
12.763
12.72
12.701
12.71
12.73
12.758
12.737
12.701
12.666
12.644
12.619
12.58
12.566
12.56
12.578
12.575
12.539
12.525
12.481
12.448
12.413
12.421
12.439
12.444
12.439
12.427
12.433
12.439
12.415
12.416
12.414
12.434
12.471
12.481
12.506
12.569
12.614
12.595
12.629
12.646
12.626
12.535
12.426
12.333
12.275
12.254
12.258
12.269
12.276
12.277
12.282
12.288
12.294
12.3
12.307
12.288
12.26
12.251
12.234
12.211
12.188
12.15
12.117
12.091
12.058
12.034
12.016
11.987
11.99
12.012
12.043
12.044
12.049
12.083
12.112
12.126
12.124
12.13
12.112
12.081
12.041
12.01
12.0
11.993
11.966
11.924
11.878
11.852
11.839
11.844
11.848
11.817
11.774
11.744
11.733
11.739
11.755
11.769
11.791
11.809
11.812
11.817
11.824
11.872
11.928
11.951
11.953
11.961
11.966
11.952
11.934
11.914
11.89
11.847
11.787
11.638
11.535
11.384
11.305
11.381
11.424
11.47
11.502
11.506
11.532
11.589
11.591
11.601
11.634
11.66
11.672
11.678
11.665
11.635
11.597
11.556
11.482
11.459
11.418
11.356
11.3
11.304
11.306
11.222
11.184
11.132
11.091
11.095
11.028
10.986
11.019
11.107
11.147
11.177
11.187
11.165
11.177
11.17
11.145
11.12
11.127
11.183
11.304
11.47
11.549
11.581
11.573
11.557
11.573
11.604
11.656
11.735
11.808
11.834
11.844
11.831
11.816
11.794
11.756
11.712
11.672
11.662
11.642
11.596
11.524
11.454
11.404
11.376
11.345
11.355
11.359
11.355
11.344
11.334
11.337
11.323
11.308
11.295
11.282
11.271
11.256
11.21
11.17
11.141
11.132
11.146
11.162
11.182
11.202
11.233
11.254
11.233
11.225
11.228
11.241
11.26
11.281
11.308
11.337
11.374
11.37
11.358
11.344
11.351
11.374
11.404
11.421
11.423
11.435
11.441
11.449
11.452
11.437
11.39
11.335
11.327
11.364
11.401
11.41
11.399
11.386
11.377
11.378
11.375
11.372
11.372
11.37
11.365
11.366
11.359
11.347
11.342
11.344
11.348
11.366
11.388
11.394
11.401
11.416
11.422
11.418
11.403
11.384
11.377
11.371
11.383
11.405
11.426
11.449
11.463
11.476
11.477
11.455
11.436
11.429
11.433
11.442
11.442
11.437
11.431
11.447
11.445
11.45
11.439
11.435
11.432
11.43
11.423
11.424
11.439
11.464
11.493
11.515
11.532
11.534
11.525
11.514
11.488
11.468
11.467
11.46
11.469
11.48
11.497
11.52
11.56
11.589
11.61
11.627
11.657
11.687
11.713
11.733
11.752
11.766
11.776
11.795
11.805
11.817
11.833
11.848
11.849
11.844
11.851
11.856
11.852
11.853
11.836
11.819
11.843
11.889
11.895
11.904
11.956
11.933
11.941
11.951
11.97
11.998
12.009
12.033
12.049
12.044
12.041
12.051
12.063
12.061
12.031
12.016
12.019
12.017
11.992
11.979
11.966
11.954
11.92
11.916
11.899
11.902
11.919
11.941
11.966
11.969
11.964
11.955
11.935
11.934
11.925
11.9
11.898
11.922
11.947
11.955
11.967
11.99
12.061
12.095
12.109
12.108
12.106
12.103
12.092
12.089
12.107
12.12
12.093
12.076
12.065
12.063
12.085
12.087
12.08
12.145
12.188
12.216
12.257
12.291
12.319
12.37
12.406
12.437
12.45
12.433
12.441
12.424
12.393
12.398
12.435
12.447
12.444
12.428
12.455
12.489
12.475
12.485
12.434
12.394
12.344
12.331
12.364
12.338
12.363
12.379
12.344
12.285
12.259
12.231
12.257
12.283
12.298
12.319
12.301
12.336
12.373
12.384
12.439
12.405
12.369
12.347
12.336
12.393
12.375
12.355
12.375
12.383
12.499
12.609
12.688
12.825
12.971
13.057
13.14
13.159
13.187
13.198
13.253
13.37
13.518
13.693
13.838
13.777
13.714
13.734
13.896
14.015
14.132
14.26
14.211
14.148
14.202
14.412
14.548
14.559
14.62
14.592
14.578
14.578
14.504
14.539
14.571
14.549
14.643
14.643
14.672
14.729
14.731
14.736
14.937
15.032
15.115
15.061
14.931
14.983
14.913
15.065
15.161
15.215
15.133
15.179
15.175
15.173
15.33
15.464
15.402
15.537
15.791
15.866
15.618
15.574
15.788
15.718
15.732
15.898
15.919
16.148
16.345
16.301
16.395
16.34
16.18
15.93
15.945
15.977
16.019
15.99
15.752
15.675
15.633
15.474
15.312
15.219
15.26
15.446
15.673
16.078
16.33
16.444
16.464
16.395
16.453
16.71
16.977
17.156
17.419
17.661
17.465
17.219
17.098
16.954
16.758
16.642
16.466
16.413
16.504
16.502
16.632
16.843
16.832
16.67
16.706
16.85
16.862
16.706
16.63
16.75
16.989
16.852
16.82
16.669
16.679
16.848
16.71
16.815
16.977
17.035
17.384
17.584
17.68
17.536
17.6
17.911
18.01
17.868
17.54
17.393
17.38
17.35
17.351
17.525
17.649
17.746
17.929
17.898
17.688
17.602
17.59
17.682
17.947
17.831
17.593
17.666
17.855
18.187
18.489
18.605
18.593
18.366
18.16
18.112
18.216
18.386
18.52
18.517
18.491
18.346
18.379
18.652
18.81
19.02
18.996
18.907
18.817
18.682
18.585
18.616
18.62
18.713
18.757
18.835
18.923
18.979
19.03
19.133
19.352
19.52
19.371
19.229
19.201
19.202
19.271
19.333
19.283
19.417
19.531
19.626
19.727
19.569
19.451
19.477
19.443
19.601
19.789
19.945
19.815
19.682
19.846
20.051
19.87
19.707
19.732
19.873
20.239
20.348
20.339
20.249
20.265
20.275
20.394
20.351
20.398
20.533
20.565
20.806
21.11
21.385
21.386
21.12
20.703
20.414
20.32
20.387
20.399
20.483
20.514
20.366
20.628
20.658
20.514
20.774
20.9
20.918
21.358
21.391
21.279
21.061
20.687
20.599
20.649
20.651
20.8
20.936
20.719
20.727
21.01
21.225
21.281
21.185
21.361
21.402
21.268
21.188
21.514
21.626
21.673
21.789
21.874
21.934
21.962
21.821
21.574
21.642
21.584
21.374
21.356
21.493
21.691
21.824
21.79
21.969
21.896
21.592
21.559
21.482
21.497
21.514
21.317
21.216
20.997
20.783
20.537
20.467
20.412
20.215
20.001
19.824
19.72
19.832
19.946
19.867
19.716
19.619
19.614
19.557
19.419
19.354
19.429
19.485
19.685
19.942
19.919
19.623
19.467
19.623
19.995
20.157
20.058
20.296
20.542
20.629
20.704
20.843
21.164
21.17
21.284
21.279
21.249
21.441
21.392
21.486
20.909
20.628
20.653
20.583
20.321
20.111
20.478
20.4
20.001
19.745
19.706
20.008
20.49
20.909
21.115
21.126
21.091
20.854
21.077
21.163
21.199
21.012
20.937
20.878
20.921
20.991
20.79
21.003
21.299
21.421
21.219
21.2
21.146
21.023
21.086
21.105
21.221
21.099
21.049
21.273
21.31
21.104
20.827
21.047
21.564
21.894
22.191
22.161
21.905
21.864
22.084
22.119
22.089
22.13
21.78
21.567
21.61
21.49
21.378
21.551
21.67
21.593
21.568
21.96
22.094
21.786
21.924
21.931
21.74
22.021
22.123
21.884
22.213
22.523
22.208
22.045
22.183
22.253
22.32
22.095
22.031
22.445
22.424
22.553
22.923
22.998
22.979
22.813
22.527
22.5
22.768
22.334
21.879
21.601
21.388
21.322
21.267
21.172
21.16
21.352
21.495
21.28
21.177
21.202
21.061
21.225
21.221
21.117
21.142
21.223
21.145
21.023
20.925
20.023
19.347
18.896
18.652
18.482
18.414
18.31
18.114
18.096
18.186
18.093
17.987
18.119
18.129
17.925
17.973
17.98
17.914
18.002
18.141
18.052
17.935
17.814
18.038
18.134
17.935
17.759
17.638
17.643
17.687
17.75
17.579
17.58
17.591
17.518
17.372
17.293
17.195
17.255
17.307
17.132
16.973
17.165
17.292
17.089
17.092
17.183
17.175
17.001
17.005
17.114
17.176
17.159
16.984
16.782
16.823
16.885
16.721
16.737
16.805
16.667
16.487
16.334
16.392
16.512
16.508
16.357
16.326
16.465
16.527
16.423
16.151
15.99
15.953
15.925
15.817
15.742
15.65
15.544
15.626
15.659
15.747
15.794
15.71
15.666
15.515
15.475
15.485
15.439
15.462
15.478
15.459
15.47
15.506
15.57
15.668
15.657
15.655
15.644
15.505
15.331
15.306
15.31
15.294
15.236
15.133
15.126
15.045
14.974
14.973
15.043
15.098
15.066
15.091
15.109
15.159
15.133
15.099
15.09
15.086
15.037
15.065
15.149
15.238
15.191
15.138
15.103
14.953
14.867
14.862
14.897
14.938
15.024
15.052
15.034
15.065
15.059
15.062
15.092
15.071
14.989
15.0
15.004
15.008
14.966
14.952
14.948
14.906
14.902
14.892
14.912
14.967
14.974
14.954
14.914
14.86
14.812
14.767
14.8
14.862
14.862
14.869
14.869
14.822
14.794
14.754
14.718
14.679
14.626
14.635
14.673
14.681
14.688
14.715
14.721
14.704
14.698
14.72
14.715
14.715
14.712
14.729
14.736
14.661
14.59
14.627
14.687
14.723
14.761
14.742
14.724
14.697
14.633
14.618
14.632
14.649
14.666
14.677
14.671
14.684
14.691
14.696
14.712
14.723
14.754
14.793
14.818
14.833
14.866
14.879
14.877
14.875
14.837
14.818
14.823
14.825
14.823
14.826
14.793
14.768
14.751
14.737
14.724
14.685
14.675
14.695
14.711
14.714
14.689
14.663
14.618
14.597
14.562
14.513
14.503
14.494
14.501
14.55
14.605
14.627
14.618
14.601
14.601
14.592
14.588
14.585
14.594
14.594
14.597
14.6
14.601
14.626
14.647
14.628
14.587
14.572
14.583
14.614
14.635
14.634
14.619
14.587
14.562
14.563
14.538
14.528
14.534
14.538
14.525
14.515
14.515
14.498
14.494
14.503
14.511
14.529
14.535
14.559
14.575
14.591
14.618
14.623
14.608
14.612
14.628
14.641
14.654
14.649
14.633
14.615
14.584
14.535
14.49
14.477
14.494
14.514
14.509
14.486
14.469
14.427
14.39
14.366
14.301
14.256
14.229
14.233
14.226
14.201
14.158
14.138
14.117
14.081
14.052
14.031
14.04
14.043
14.069
14.034
14.007
14.023
14.035
14.028
14.033
13.988
13.923
13.898
13.828
13.767
13.74
13.734
13.742
13.718
13.731
13.673
13.627
13.673
13.662
13.628
13.6
13.558
13.537
13.475
13.435
13.431
13.442
13.411
13.353
13.3
13.233
13.23
13.175
13.155
13.102
13.109
13.124
13.116
13.121
13.134
13.143
13.16
13.155
13.128
13.123
13.115
13.157
13.18
13.12
13.093
13.107
13.109
13.089
13.09
13.108
13.107
13.103
13.102
13.097
13.112
13.122
13.122
13.114
13.119
13.117
13.116
13.112
13.071
13.073
13.093
13.107
13.115
13.149
13.129
13.105
13.084
13.082
13.042
13.044
13.061
13.059
13.075
13.111
13.153
13.159
13.135
13.135
13.129
13.139
13.149
13.157
13.132
13.127
13.137
13.16
13.193
13.214
13.234
13.263
13.268
13.274
13.271
13.278
13.291
13.295
13.32
13.359
13.359
13.327
13.322
13.288
13.271
13.268
13.284
13.308
13.335
13.312
13.267
13.231
13.216
13.208
13.21
13.24
13.284
13.314
13.289
13.278
13.275
13.276
13.285
13.284
13.27
13.28
13.288
13.258
13.215
13.188
13.149
13.113
13.096
13.087
13.078
13.054
13.077
13.075
13.068
13.069
13.051
13.04
13.048
13.023
13.01
13.005
12.981
12.976
12.996
12.996
13.024
13.028
13.006
13.033
13.035
12.982
12.984
13.019
12.98
12.97
13.007
13.011
13.042
13.089
13.08
13.034
12.994
13.048
13.098
13.059
13.046
13.037
12.996
12.993
12.958
12.943
12.957
12.98
12.989
12.978
12.986
12.963
12.943
12.941
12.955
12.987
12.996
12.983
12.944
12.919
12.875
12.835
12.854
12.823
12.833
12.864
12.859
12.853
12.853
12.786
12.76
12.806
12.795
12.733
12.714
12.716
12.682
12.634
12.614
12.595
12.606
12.633
12.619
12.562
12.544
12.525
12.519
12.507
12.491
12.502
12.492
12.533
12.553
12.571
12.521
12.49
12.48
12.483
12.476
12.493
12.485
12.456
12.448
12.461
12.489
12.51
12.522
12.551
12.587
12.578
12.594
12.561
12.539
12.58
12.577
12.588
12.621
12.625
12.607
12.613
12.595
12.579
12.588
12.595
12.592
12.589
12.614
12.644
12.666
12.675
12.674
12.686
12.69
12.687
12.696
12.71
12.72
12.732
12.721
12.703
12.698
12.693
12.689
12.684
12.678
12.666
12.656
12.644
12.646
12.676
12.684
12.675
12.67
12.694
12.722
12.714
12.729
12.765
12.791
12.806
12.795
12.76
12.757
12.789
12.818
12.792
12.785
12.81
12.822
12.817
12.829
12.831
12.764
12.739
12.665
12.622
12.557
12.495
12.392
12.315
12.277
12.205
12.185
12.178
12.192
12.16
12.164
12.156
12.122
12.082
12.069
12.068
12.08
12.108
12.107
12.105
12.061
12.01
11.994
11.998
12.026
12.039
12.026
12.019
11.994
11.987
11.984
11.975
11.935
11.907
11.894
11.93
11.941
11.949
11.972
11.984
11.993
12.011
12.043
12.02
11.994
11.99
11.998
12.01
12.008
12.016
12.012
12.02
12.04
12.029
12.047
12.012
12.018
12.028
12.01
12.002
11.999
11.983
12.001
11.993
12.004
12.013
11.994
12.003
11.998
12.024
12.048
12.093
12.126
12.179
12.209
12.192
12.207
12.191
12.163
12.104
12.057
12.081
12.15
12.142
12.102
12.114
12.078
12.058
12.019
12.001
12.014
12.029
12.008
11.993
11.975
11.904
11.879
11.888
11.919
11.921
11.893
11.869
11.812
11.752
11.684
11.679
11.665
11.646
11.626
11.628
11.646
11.662
11.63
11.653
11.655
11.676
11.643
11.631
11.66
11.666
11.647
11.625
11.635
11.644
11.651
11.671
11.679
11.654
11.636
11.644
11.623
11.618
11.629
11.693
11.722
11.67
11.664
11.702
11.702
11.687
11.702
11.694
11.721
11.754
11.725
11.723
11.759
11.781
11.791
11.78
11.769
11.829
11.825
11.821
11.817
11.816
11.782
11.785
11.756
11.753
11.741
11.773
11.755
11.737
11.699
11.706
11.733
11.725
11.704
11.713
11.714
11.705
11.739
11.753
11.727
11.708
11.694
11.668
11.662
11.66
11.662
11.67
11.683
11.685
11.707
11.708
11.722
11.702
11.728
11.717
11.696
11.666
11.664
11.681
11.678
11.647
11.684
11.72
11.711
11.687
11.651
11.649
11.679
11.702
11.681
11.662
11.7
11.696
11.693
11.684
11.639
11.615
11.631
11.626
11.64
11.662
11.668
11.67
11.676
11.669
11.689
11.708
11.727
11.734
11.762
11.743
11.751
11.753
11.772
11.813
11.829
11.862
11.887
11.906
11.878
11.877
11.865
11.846
11.848
11.874
11.815
11.788
11.786
11.796
11.762
11.736
11.747
11.759
11.772
11.775
11.797
11.831
11.831
11.844
11.842
11.813
11.819
11.836
11.807
11.812
11.819
11.822
11.807
11.83
11.858
11.836
11.825
11.832
11.857
11.883
11.897
11.88
11.855
11.859
11.889
11.923
11.924
11.914
11.918
11.901
11.908
11.908
11.891
11.875
11.875
11.884
11.921
11.927
11.925
11.954
11.967
11.954
11.962
11.968
11.936
11.937
11.939
11.938
11.928
11.952
11.954
11.938
11.924
11.936
11.932
11.917
11.945
11.942
11.964
11.974
11.951
11.965
11.995
11.99
12.001
12.025
12.032
12.049
12.097
12.098
12.052
12.032
12.066
12.114
12.165
12.221
12.192
12.14
12.143
12.185
12.272
12.31
12.324
12.339
12.313
12.275
12.25
12.243
12.297
12.23
12.215
12.235
12.234
12.278
12.293
12.26
12.207
12.17
12.153
12.129
12.167
12.187
12.171
12.168
12.138
12.085
12.102
12.108
12.14
12.171
12.173
12.209
12.198
12.169
12.118
12.168
12.201
12.175
12.172
12.187
12.264
12.326
12.448
12.488
12.484
12.487
12.386
12.364
12.304
12.299
12.285
12.298
12.41
12.378
12.405
12.503
12.526
12.54
12.587
12.625
12.629
12.629
12.579
12.587
12.624
12.597
12.677
12.674
12.626
12.684
12.687
12.691
12.699
12.792
12.836
12.927
12.961
12.965
13.002
12.987
12.956
12.953
12.93
12.875
12.832
12.816
12.831
12.843
12.806
12.905
12.927
12.91
12.852
12.85
12.891
12.917
13.009
13.032
13.022
13.035
12.992
13.078
13.125
13.132
13.246
13.36
13.474
13.728
13.929
13.928
13.952
14.012
13.999
14.051
14.07
14.056
14.05
14.018
14.136
14.115
14.109
14.305
14.537
14.884
14.949
14.875
14.938
15.036
15.114
15.07
14.945
14.914
14.777
14.809
14.961
15.044
14.986
14.939
14.967
15.159
15.413
15.592
15.558
15.826
15.884
15.686
15.532
15.344
15.281
15.358
15.339
15.363
15.588
15.745
15.834
16.061
16.105
15.989
15.85
16.021
16.165
16.351
16.666
16.893
16.955
16.971
16.907
16.82
16.8
16.71
16.716
16.848
16.75
16.899
16.951
16.985
17.144
17.487
17.484
17.477
17.614
17.341
17.359
17.602
17.689
17.678
17.601
17.485
17.399
17.113
16.993
16.902
16.945
16.916
17.076
17.296
17.579
17.841
17.902
17.906
17.704
17.585
17.414
17.45
17.671
17.961
18.295
18.626
18.862
18.626
18.381
18.25
18.245
18.323
18.381
18.291
18.096
18.082
18.161
18.108
18.096
17.976
18.105
18.372
18.419
18.387
18.448
18.349
18.387
18.417
18.124
17.995
17.941
17.948
18.134
18.016
18.036
18.165
18.287
18.104
18.206
18.434
18.788
18.854
18.893
18.818
18.629
18.651
18.414
18.145
18.165
18.069
17.944
17.927
17.919
17.859
17.931
18.052
18.147
18.313
18.537
18.644
18.765
18.871
19.035
19.143
19.103
18.967
19.11
19.165
19.252
19.37
19.374
19.408
19.395
19.352
19.36
19.408
19.22
19.233
19.192
19.232
19.48
19.726
19.787
19.933
20.202
20.345
20.115
19.624
19.403
19.62
19.521
19.645
19.784
20.061
20.103
20.047
20.279
20.233
20.217
20.237
20.105
19.889
20.071
20.369
20.599
20.664
20.668
20.554
20.496
20.711
20.796
21.056
21.254
21.243
21.101
20.989
21.083
21.211
21.464
21.524
21.351
21.317
21.096
20.922
20.807
20.88
21.106
21.38
21.511
21.319
21.302
21.503
21.607
22.052
22.112
21.818
21.845
21.909
21.429
20.909
20.648
20.713
20.86
20.752
20.679
20.722
20.66
20.582
20.71
20.614
20.482
20.556
20.548
20.739
20.7
20.439
20.371
20.441
20.536
20.551
20.399
20.325
20.427
20.426
20.454
20.43
20.533
20.309
20.103
20.139
20.175
20.134
20.063
20.131
19.909
19.398
18.959
18.664
18.342
18.065
17.854
17.763
17.726
17.619
17.372
17.151
17.034
16.954
16.907
16.895
16.896
16.873
16.86
16.876
16.823
16.51
16.323
16.243
16.251
16.279
16.334
16.407
16.432
16.438
16.358
16.286
16.284
16.293
16.343
16.366
16.281
16.237
16.145
16.062
15.961
15.967
15.931
15.871
15.88
15.865
15.824
15.879
15.962
15.979
15.949
15.93
15.967
16.004
16.038
16.07
16.098
16.119
16.108
16.097
16.088
16.097
16.096
16.121
16.131
16.098
15.784
15.545
15.419
15.428
15.467
15.544
15.602
15.586
15.515
15.466
15.466
15.5
15.575
15.628
15.648
15.679
15.703
15.674
15.685
15.714
15.749
15.787
15.777
15.746
15.747
15.767
15.744
15.753
15.765
15.744
15.671
15.568
15.533
15.515
15.521
15.516
15.494
15.505
15.527
15.544
15.555
15.557
15.569
15.563
15.576
15.593
15.598
15.584
15.576
15.572
15.57
15.566
15.571
15.593
15.628
15.659
15.656
15.671
15.688
15.692
15.706
15.745
15.781
15.771
15.683
15.539
15.383
15.262
15.15
15.113
15.037
15.015
15.025
14.995
15.029
15.026
15.06
15.108
15.135
15.143
15.165
15.177
15.209
15.229
15.3
15.308
15.348
15.376
15.421
15.475
15.499
15.501
15.513
15.514
15.535
15.581
15.599
15.647
15.717
15.752
15.742
15.766
15.778
15.814
15.819
15.873
15.938
15.915
15.874
15.887
15.963
16.068
16.172
16.235
16.162
16.099
16.106
16.114
16.091
16.056
16.031
16.02
16.019
16.026
16.069
16.127
16.231
16.32
16.381
16.456
16.446
16.446
16.428
16.401
16.364
16.345
16.344
16.373
16.386
16.372
16.362
16.358
16.359
16.384
16.394
16.45
16.498
16.642
16.744
16.743
16.669
16.581
16.51
16.434
16.382
16.356
16.347
16.338
16.32
16.319
16.335
16.357
16.378
16.392
16.398
16.41
16.463
16.512
16.546
16.58
16.585
16.526
16.464
16.415
16.366
16.335
16.319
16.305
16.296
16.283
16.289
16.32
16.345
16.383
16.411
16.398
16.368
16.35
16.315
16.287
16.282
16.268
16.267
16.283
16.283
16.286
16.264
16.247
16.195
16.123
16.09
16.092
16.087
16.093
16.111
16.107
16.087
16.053
16.01
15.982
15.901
15.874
15.836
15.713
15.626
15.575
15.473
15.299
15.151
15.074
14.961
14.881
14.846
14.796
14.76
14.728
14.679
14.625
14.575
14.568
14.577
14.543
14.492
14.461
14.418
14.377
14.352
14.34
14.355
14.375
14.397
14.41
14.367
14.347
14.322
14.308
14.302
14.268
14.196
14.096
14.039
13.964
13.902
13.865
13.818
13.781
13.764
13.783
13.767
13.751
13.75
13.756
13.735
13.674
13.606
13.536
13.5
13.483
13.476
13.453
13.413
13.398
13.381
13.352
13.365
13.306
13.305
13.352
13.379
13.404
13.398
13.377
13.382
13.398
13.436
13.455
13.427
13.362
13.318
13.348
13.395
13.405
13.426
13.429
13.442
13.44
13.418
13.384
13.357
13.361
13.407
13.452
13.376
13.234
13.172
13.181
13.203
13.185
13.159
13.077
12.919
12.731
12.649
12.731
12.823
12.872
12.891
12.906
12.944
12.915
12.84
12.744
12.617
12.55
12.518
12.505
12.512
12.499
12.531
12.523
12.542
12.586
12.546
12.549
12.575
12.589
12.594
12.593
12.577
12.481
12.441
12.516
12.628
12.762
12.825
12.894
12.946
12.934
12.918
12.86
12.764
12.745
12.765
12.809
12.822
12.783
12.768
12.782
12.84
12.847
12.856
12.9
12.926
12.936
12.912
12.921
12.929
12.886
12.822
12.782
12.785
12.814
12.85
12.864
12.867
12.872
12.868
12.905
12.951
12.979
12.983
12.975
12.971
12.971
12.982
12.989
13.015
13.05
13.084
13.091
13.024
12.936
12.889
12.855
12.822
12.789
12.747
12.737
12.745
12.747
12.748
12.751
12.74
12.742
12.717
12.696
12.675
12.627
12.584
12.557
12.547
12.532
12.527
12.514
12.523
12.501
12.495
12.493
12.508
12.528
12.539
12.56
12.567
12.536
12.503
12.486
12.453
12.459
12.465
12.467
12.462
12.464
12.473
12.467
12.439
12.441
12.454
12.48
12.477
12.48
12.448
12.444
12.429
12.42
12.427
12.423
12.43
12.437
12.447
12.45
12.446
12.442
12.432
12.461
12.476
12.502
12.502
12.484
12.486
12.498
12.491
12.478
12.45
12.462
12.491
12.515
12.496
12.496
12.497
12.516
12.512
12.533
12.541
12.533
12.506
12.46
12.424
12.407
12.395
12.392
12.415
12.394
12.411
12.437
12.41
12.428
12.466
12.439
12.457
12.47
12.494
12.505
12.462
12.439
12.44
12.459
12.486
12.498
12.487
12.462
12.492
12.494
12.492
12.499
12.507
12.526
12.534
12.558
12.577
12.605
12.574
12.586
12.59
12.614
12.605
12.612
12.599
12.602
12.626
12.639
12.635
12.613
12.603
12.614
12.632
12.635
12.625
12.626
12.612
12.588
12.604
12.629
12.64
12.634
12.607
12.576
12.563
12.561
12.554
12.542
12.533
12.531
12.515
12.5
12.513
12.533
12.512
12.546
12.558
12.536
12.519
12.54
12.535
12.546
12.562
12.579
12.602
12.573
12.587
12.595
12.611
12.638
12.67
12.675
12.654
12.649
12.66
12.685
12.682
12.699
12.671
12.66
12.665
12.672
12.661
12.661
12.662
12.665
12.681
12.702
12.693
12.695
12.693
12.681
12.669
12.636
12.633
12.649
12.648
12.646
12.653
12.659
12.66
12.673
12.671
12.673
12.682
12.693
12.701
12.72
12.741
12.767
12.76
12.737
12.725
12.734
12.726
12.692
12.676
12.659
12.666
12.7
12.693
12.678
12.675
12.663
12.632
12.641
12.665
12.679
12.703
12.65
12.634
12.619
12.631
12.64
12.647
12.656
12.631
12.652
12.675
12.678
12.64
12.627
12.641
12.639
12.634
12.632
12.636
12.651
12.661
12.675
12.677
12.706
12.703
12.68
12.683
12.692
12.7
12.693
12.689
12.671
12.668
12.668
12.684
12.699
12.705
12.684
12.665
12.658
12.66
12.682
12.672
12.661
12.635
12.641
12.669
12.672
12.65
12.615
12.632
12.615
12.633
12.642
12.611
12.599
12.595
12.605
12.613
12.591
12.59
12.562
12.552
12.559
12.567
12.574
12.557
12.572
12.602
12.617
12.625
12.634
12.633
12.639
12.654
12.642
12.636
12.64
12.639
12.655
12.638
12.628
12.643
12.66
12.655
12.66
12.648
12.613
12.572
12.567
12.581
12.547
12.494
12.465
12.45
12.436
12.426
12.421
12.412
12.411
12.411
12.431
12.414
12.421
12.429
12.437
12.418
12.396
12.384
12.373
12.374
12.347
12.297
12.297
12.288
12.257
12.258
12.217
12.118
12.004
11.97
11.918
11.894
11.897
11.908
11.892
11.879
11.849
11.808
11.808
11.822
11.817
11.829
11.825
11.855
11.874
11.909
11.915
11.901
11.89
11.881
11.871
11.868
11.878
11.876
11.871
11.861
11.846
11.808
11.763
11.732
11.751
11.814
11.839
11.859
11.885
11.906
11.888
11.902
11.912
11.883
11.884
11.895
11.907
11.893
11.876
11.853
11.861
11.857
11.878
11.875
11.84
11.842
11.867
11.848
11.847
11.854
11.842
11.816
11.853
11.87
11.871
11.895
11.897
11.881
11.881
11.895
11.895
11.897
11.87
11.88
11.895
11.915
11.888
11.871
11.915
11.94
11.891
11.917
11.947
11.966
12.001
11.966
11.958
11.996
12.014
12.009
11.973
11.979
11.949
11.953
11.942
11.929
11.931
11.918
11.918
11.948
12.012
11.987
11.979
11.994
12.013
12.025
12.045
12.082
12.12
12.164
12.193
12.216
12.254
12.274
12.231
12.177
12.121
12.094
12.047
11.976
11.932
11.927
11.903
11.871
11.829
11.812
11.781
11.765
11.75
11.732
11.731
11.732
11.722
11.71
11.682
11.648
11.608
11.57
11.534
11.501
11.459
11.413
11.396
11.386
11.337
11.287
11.255
11.245
11.266
11.3
11.342
11.381
11.419
11.467
11.511
11.556
11.539
11.555
11.602
11.635
11.66
11.687
11.689
11.698
11.691
11.655
11.62
11.621
11.592
11.578
11.609
11.661
11.684
11.669
11.632
11.63
11.631
11.631
11.617
11.618
11.622
11.633
11.64
11.634
11.575
11.526
11.437
11.413
11.428
11.435
11.402
11.398
11.402
11.379
11.372
11.359
11.329
11.342
11.369
11.409
11.439
11.431
11.439
11.442
11.458
11.473
11.482
11.476
11.453
11.425
11.418
11.424
11.434
11.425
11.418
11.416
11.412
11.41
11.418
11.423
11.439
11.447
11.457
11.468
11.478
11.48
11.468
11.461
11.444
11.455
11.471
11.468
11.485
11.496
11.516
11.522
11.512
11.521
11.539
11.525
11.48
11.493
11.501
11.5
11.496
11.483
11.517
11.549
11.596
11.616
11.591
11.57
11.562
11.584
11.613
11.643
11.693
11.716
11.737
11.746
11.741
11.766
11.819
11.901
11.9
11.881
11.899
11.925
11.953
12.05
12.159
12.193
12.227
12.303
12.264
12.285
12.326
12.377
12.321
12.338
12.366
12.362
12.376
12.4
12.45
12.436
12.461
12.515
12.525
12.579
12.545
12.533
12.559
12.548
12.574
12.614
12.571
12.552
12.563
12.603
12.688
12.748
12.678
12.67
12.656
12.679
12.62
12.615
12.624
12.648
12.647
12.62
12.672
12.733
12.766
12.831
12.855
12.877
12.942
13.006
12.99
12.944
12.984
13.036
13.069
13.15
13.277
13.428
13.589
13.693
13.796
13.729
13.767
13.845
13.827
14.077
14.213
14.191
14.31
14.485
14.513
14.459
14.475
14.642
14.966
15.128
15.012
14.897
14.862
14.869
14.992
15.048
14.856
14.728
14.557
14.556
14.654
14.674
14.855
15.027
15.029
14.834
14.638
14.56
14.686
14.779
14.762
14.672
14.597
14.535
14.469
14.615
14.713
14.864
14.944
14.902
14.726
14.783
14.893
15.021
14.918
14.891
14.968
14.871
14.697
14.63
14.643
14.579
14.555
14.498
14.416
14.341
14.343
14.418
14.454
14.471
14.586
14.605
14.571
14.535
14.458
14.464
14.518
14.648
14.721
14.89
15.108
15.306
15.289
15.304
15.337
15.293
15.238
15.116
14.946
14.901
14.92
15.013
15.204
15.427
15.504
15.463
15.452
15.581
15.636
15.994
16.515
16.447
16.485
16.333
16.381
16.293
16.2
16.474
16.734
16.534
16.414
16.435
16.459
16.419
16.26
16.136
16.232
16.395
16.516
16.849
17.169
17.437
17.446
17.315
17.166
16.83
16.684
16.861
16.832
16.497
16.326
16.283
16.478
16.563
16.442
16.421
16.285
16.195
16.189
16.195
16.312
16.377
16.463
16.557
16.514
16.554
16.594
16.56
16.559
16.623
16.766
16.864
16.782
16.615
16.516
16.623
16.785
16.794
16.774
16.753
16.778
16.824
16.867
16.827
16.857
16.832
17.041
17.147
17.2
17.548
17.795
17.722
17.755
17.859
17.975
18.023
18.153
18.035
17.925
17.963
17.979
18.112
18.252
18.327
18.164
17.92
17.842
17.799
17.664
17.699
17.825
17.868
17.853
17.949
18.13
18.155
18.316
18.335
18.324
18.165
18.091
18.098
18.035
18.052
18.196
18.638
18.805
18.981
19.219
19.33
19.06
18.649
18.628
18.756
18.953
19.12
19.335
19.578
19.645
19.813
19.965
19.899
19.476
18.905
18.575
18.284
18.106
18.187
18.404
18.81
19.141
19.414
19.245
19.026
19.182
19.165
19.229
19.366
19.661
19.583
19.706
19.71
19.6
19.799
20.232
20.229
20.093
20.024
20.091
20.305
20.14
20.314
20.11
19.823
19.61
19.583
19.841
19.81
19.543
19.428
19.417
19.375
19.311
19.53
19.848
19.808
19.619
19.686
19.888
19.898
20.081
20.313
20.214
20.168
20.018
19.689
19.928
19.952
20.334
20.624
20.214
20.08
20.118
19.95
20.056
20.123
20.039
20.398
20.373
20.222
20.104
20.182
20.394
20.353
20.134
20.181
20.376
20.435
20.406
20.457
20.266
20.395
20.538
20.201
20.025
20.006
19.936
20.359
20.54
20.591
20.3
20.185
20.213
20.375
20.622
20.546
20.831
20.939
20.885
20.923
21.066
21.06
21.052
20.872
20.925
21.053
20.873
20.693
20.799
20.819
20.849
20.733
20.606
20.781
20.699
20.549
20.438
20.395
20.573
20.603
20.805
21.265
21.357
21.247
21.055
20.912
20.84
20.726
20.556
20.442
20.503
20.469
20.575
20.796
20.89
20.704
20.441
20.328
20.22
20.108
20.073
20.182
20.252
20.281
20.232
20.137
20.212
20.006
19.833
19.723
19.868
20.15
20.009
19.801
19.724
19.692
19.639
19.566
19.491
19.335
19.228
19.057
18.994
19.065
19.081
19.047
19.045
19.158
19.214
19.238
19.231
19.189
19.18
19.209
19.244
19.26
19.318
19.242
19.153
19.069
19.108
19.139
19.178
19.354
19.477
19.639
19.84
19.93
19.968
19.955
19.619
19.344
19.205
19.235
19.238
19.406
19.599
19.753
19.629
19.391
19.319
19.209
19.122
19.118
19.034
18.968
18.973
18.854
18.773
18.629
18.498
18.468
18.497
18.468
18.456
18.527
18.57
18.647
18.656
18.612
18.603
18.623
18.631
18.6
18.592
18.603
18.677
18.762
18.834
18.888
18.9
18.779
18.681
18.666
18.706
18.643
18.576
18.594
18.592
18.49
18.449
18.45
18.368
18.363
18.483
18.476
18.454
18.491
18.532
18.559
18.6
18.559
18.573
18.594
18.582
18.573
18.594
18.615
18.621
18.624
18.625
18.588
18.541
18.546
18.499
18.473
18.429
18.457
18.445
18.452
18.446
18.449
18.452
18.536
18.57
18.575
18.598
18.611
18.608
18.611
18.618
18.623
18.637
18.643
18.648
18.613
18.57
18.604
18.63
18.66
18.691
18.471
18.2
17.969
17.827
17.798
17.71
17.62
17.608
17.547
17.494
17.442
17.399
17.295
17.189
17.171
17.217
17.213
17.159
17.151
17.087
17.01
16.983
16.927
16.88
16.876
16.943
17.005
17.008
17.039
17.071
17.077
17.067
17.05
16.994
16.974
16.987
16.982
16.982
16.946
16.829
16.74
16.655
16.571
16.545
16.584
16.574
16.516
16.486
16.424
16.425
16.45
16.474
16.456
16.445
16.426
16.41
16.418
16.426
16.419
16.392
16.347
16.287
16.244
16.249
16.221
16.196
16.168
16.166
16.136
16.132
16.141
16.143
16.152
16.159
16.164
16.178
16.212
16.215
16.214
16.23
16.245
16.25
16.275
16.297
16.254
16.22
16.219
16.228
16.239
16.26
16.243
16.195
16.191
16.19
16.188
16.187
16.18
16.163
16.152
16.156
16.18
16.215
16.246
16.257
16.264
16.284
16.292
16.289
16.292
16.273
16.198
16.03
15.842
15.748
15.713
15.691
15.643
15.557
15.45
15.406
15.417
15.455
15.483
15.497
15.501
15.528
15.552
15.578
15.555
15.517
15.432
15.362
15.317
15.267
15.234
15.174
15.147
15.155
15.239
15.288
15.308
15.32
15.315
15.311
15.276
15.227
15.227
15.222
15.236
15.238
15.231
15.221
15.147
15.093
15.054
14.975
14.918
14.849
14.793
14.731
14.695
14.743
14.788
14.832
14.753
14.655
14.644
14.566
14.517
14.478
14.447
14.404
14.352
14.324
14.308
14.288
14.258
14.218
14.197
14.168
14.115
14.084
14.031
13.971
13.928
13.92
13.917
13.902
13.891
13.854
13.842
13.901
13.989
14.028
14.011
14.007
14.029
14.036
14.028
13.991
13.929
13.873
13.831
13.797
13.742
13.619
13.543
13.51
13.47
13.425
13.388
13.419
13.474
13.515
13.573
13.635
13.682
13.711
13.761
13.804
13.857
13.891
13.887
13.861
13.82
13.774
13.71
13.627
13.578
13.549
13.54
13.498
13.479
13.494
13.461
13.403
13.416
13.443
13.433
13.459
13.545
13.634
13.694
13.736
13.822
13.922
13.973
13.985
13.981
13.983
13.989
13.992
13.989
13.975
13.975
13.955
13.956
13.963
13.958
13.957
13.96
13.929
13.873
13.822
13.779
13.753
13.716
13.629
13.564
13.53
13.487
13.427
13.372
13.313
13.272
13.245
13.208
13.19
13.161
13.097
13.036
12.98
12.941
12.908
12.882
12.876
12.871
12.856
12.844
12.832
12.825
12.83
12.836
12.838
12.843
12.844
12.855
12.867
12.871
12.882
12.889
12.903
12.942
12.979
13.0
13.005
13.006
13.018
13.037
13.072
13.069
13.067
13.081
13.08
13.091
13.102
13.109
13.127
13.162
13.184
13.174
13.178
13.204
13.234
13.249
13.266
13.23
13.232
13.229
13.234
13.256
13.251
13.248
13.26
13.278
13.261
13.21
13.207
13.193
13.209
13.237
13.244
13.232
13.248
13.241
13.208
13.21
13.219
13.236
13.243
13.233
13.222
13.226
13.245
13.27
13.302
13.327
13.296
13.274
13.269
13.259
13.244
13.251
13.261
13.264
13.267
13.282
13.278
13.29
13.297
13.285
13.272
13.277
13.293
13.269
13.275
13.286
13.307
13.303
13.309
13.333
13.345
13.369
13.351
13.343
13.317
13.328
13.314
13.252
13.2
13.163
13.154
13.149
13.142
13.144
13.167
13.159
13.15
13.131
13.108
13.097
13.082
13.046
13.003
12.976
12.961
12.986
13.024
13.04
13.067
13.109
13.115
13.126
13.113
13.104
13.08
13.0
12.945
12.94
12.957
12.972
12.98
12.989
13.004
13.015
13.017
13.034
13.036
13.023
12.998
12.991
12.977
12.964
12.953
12.969
12.963
12.977
12.968
12.972
12.975
12.989
12.993
12.971
12.971
12.986
12.982
12.995
13.019
12.993
12.97
12.984
12.975
12.999
13.023
13.016
12.989
12.967
12.982
12.981
12.952
12.942
12.949
12.92
12.944
12.959
12.99
12.995
12.996
12.985
12.978
12.978
12.971
12.979
12.98
12.964
12.938
12.936
12.927
12.917
12.908
12.896
12.884
12.871
12.852
12.836
12.81
12.806
12.795
12.773
12.758
12.757
12.758
12.755
12.758
12.758
12.758
12.753
12.731
12.705
12.692
12.672
12.672
12.663
12.657
12.66
12.673
12.689
12.695
12.717
12.753
12.782
12.796
12.791
12.777
12.789
12.816
12.798
12.797
12.8
12.776
12.759
12.755
12.745
12.735
12.736
12.743
12.748
12.77
12.785
12.785
12.777
12.787
12.767
12.755
12.756
12.765
12.774
12.762
12.759
12.761
12.772
12.755
12.731
12.709
12.716
12.705
12.68
12.691
12.706
12.695
12.693
12.682
12.674
12.687
12.655
12.665
12.674
12.665
12.645
12.643
12.647
12.651
12.639
12.625
12.618
12.62
12.631
12.645
12.664
12.676
12.674
12.67
12.671
12.666
12.67
12.686
12.687
12.68
12.652
12.644
12.645
12.648
12.666
12.68
12.657
12.651
12.679
12.701
12.689
12.673
12.674
12.677
12.66
12.652
12.657
12.662
12.645
12.631
12.619
12.62
12.612
12.615
12.617
12.623
12.623
12.613
12.643
12.657
12.667
12.671
12.674
12.654
12.635
12.649
12.655
12.66
12.637
12.609
12.612
12.6
12.608
12.618
12.624
12.633
12.623
12.615
12.633
12.621
12.589
12.573
12.599
12.611
12.632
12.618
12.635
12.634
12.626
12.61
12.618
12.625
12.608
12.609
12.608
12.601
12.6
12.599
12.604
12.589
12.599
12.582
12.584
12.568
12.566
12.533
12.526
12.518
12.499
12.503
12.511
12.506
12.505
12.498
12.496
12.492
12.486
12.491
12.489
12.493
12.49
12.49
12.489
12.488
12.498
12.5
12.493
12.496
12.501
12.513
12.531
12.532
12.545
12.545
12.535
12.528
12.531
12.515
12.519
12.506
12.506
12.501
12.496
12.508
12.492
12.48
12.479
12.471
12.464
12.45
12.437
12.437
12.452
12.485
12.491
12.477
12.474
12.488
12.52
12.559
12.565
12.593
12.623
12.655
12.661
12.638
12.63
12.601
12.605
12.622
12.644
12.645
12.62
12.601
12.602
12.603
12.583
12.592
12.595
12.575
12.557
12.536
12.531
12.537
12.534
12.528
12.533
12.527
12.528
12.513
12.476
12.466
12.452
12.439
12.434
12.43
12.429
12.414
12.412
12.423
12.413
12.403
12.38
12.361
12.373
12.363
12.348
12.335
12.318
12.298
12.267
12.22
12.182
12.158
12.149
12.157
12.169
12.19
12.209
12.236
12.262
12.284
12.304
12.323
12.324
12.335
12.343
12.344
12.306
12.275
12.258
12.241
12.227
12.187
12.141
12.132
12.14
12.125
12.1
12.063
12.045
12.021
12.003
12.001
11.997
11.989
11.975
11.954
11.951
11.944
11.917
11.887
11.884
11.87
11.866
11.86
11.845
11.814
11.782
11.756
11.73
11.731
11.749
11.754
11.746
11.75
11.764
11.782
11.798
11.833
11.872
11.894
11.92
11.966
11.971
11.96
11.915
11.857
11.858
11.853
11.829
11.798
11.799
11.784
11.776
11.77
11.794
11.786
11.79
11.788
11.777
11.783
11.805
11.846
11.882
11.904
11.929
11.931
11.922
11.906
11.928
11.957
11.946
11.946
11.97
12.013
12.056
12.093
12.073
12.084
12.114
12.116
12.131
12.146
12.139
12.089
12.067
12.056
12.037
12.017
12.023
12.027
12.005
12.005
12.045
12.098
12.156
12.278
12.327
12.328
12.35
12.428
12.415
12.412
12.559
12.635
12.732
12.765
12.828
12.95
12.992
13.017
12.964
12.832
12.738
12.698
12.65
12.613
12.603
12.627
12.624
12.646
12.692
12.771
12.942
13.224
13.362
13.474
13.486
13.509
13.485
13.429
13.454
13.461
13.505
13.49
13.576
13.743
13.92
13.981
13.951
14.013
14.106
14.155
14.136
14.104
14.14
14.279
14.464
14.487
14.586
14.826
14.871
14.814
14.833
14.94
14.895
14.754
14.758
14.701
14.754
14.803
14.921
15.022
15.0
14.925
15.047
15.087
15.321
15.425
15.636
15.496
15.435
15.377
15.272
15.135
15.177
15.286
15.343
15.411
15.473
15.579
15.763
16.053
16.146
16.04
15.872
15.648
15.625
15.967
16.092
15.938
15.86
15.898
16.085
15.938
15.984
15.966
15.629
15.426
15.306
15.451
15.711
15.937
16.142
16.213
16.159
16.219
16.29
16.432
16.669
16.753
16.602
16.679
16.52
16.309
16.126
16.19
16.132
16.403
16.533
16.742
16.819
16.932
16.834
16.674
16.767
16.61
16.382
16.504
16.474
16.416
16.153
15.798
15.536
15.494
15.884
16.271
16.271
16.344
16.277
16.446
16.598
16.681
16.669
16.755
16.677
16.557
16.716
16.989
17.059
17.198
17.382
17.322
17.261
17.037
17.16
17.079
16.768
16.927
17.31
17.774
18.102
17.883
17.607
17.624
17.739
17.771
17.617
17.781
17.989
17.919
17.885
18.06
18.204
18.014
18.259
18.37
18.056
18.182
17.913
17.746
17.919
18.371
18.199
17.895
17.951
18.008
18.227
18.212
18.456
18.313
18.028
18.03
17.939
18.296
18.819
19.095
19.156
19.147
18.989
19.06
18.905
18.775
18.781
18.821
19.096
18.899
18.511
18.413
18.61
18.701
19.204
19.544
19.592
19.584
19.453
19.265
19.025
18.717
18.783
18.614
18.315
18.089
18.029
18.226
18.414
18.41
18.743
18.943
18.789
18.815
19.122
19.487
19.708
19.532
19.694
19.626
19.383
19.348
19.392
19.331
19.381
19.551
19.334
19.11
18.997
19.153
19.305
19.592
19.666
19.811
19.82
19.895
19.815
19.595
19.647
19.655
20.021
19.777
20.161
20.265
20.118
20.133
20.101
20.036
19.907
19.776
19.471
19.427
19.678
19.806
19.786
19.911
19.756
20.016
19.692
19.557
19.434
19.387
19.388
19.731
19.98
19.697
19.706
19.543
19.522
19.297
19.184
19.243
18.978
18.962
19.143
19.291
19.181
18.924
18.982
19.143
18.993
18.98
19.006
19.103
19.148
19.181
19.466
19.561
19.771
19.759
19.44
19.123
18.939
19.176
19.199
19.193
19.222
19.535
19.495
19.552
19.756
19.636
19.497
19.753
19.832
19.886
20.152
20.251
20.325
20.556
20.595
20.219
20.091
20.067
20.214
20.212
19.961
19.647
19.465
19.438
19.478
19.51
19.716
20.006
20.17
19.88
19.775
19.833
19.784
19.924
20.114
20.254
20.371
20.775
20.721
20.691
20.995
21.097
21.069
21.247
21.093
20.957
21.119
21.205
21.067
20.938
20.849
20.355
19.976
19.993
20.064
19.977
20.295
20.548
20.721
20.803
20.946
21.15
21.499
21.552
21.476
21.505
21.477
21.134
20.926
21.007
21.111
21.021
21.063
20.98
20.879
20.861
20.771
20.99
21.129
21.053
20.961
20.966
20.982
21.083
21.336
21.187
20.987
21.049
21.107
21.257
21.395
21.448
21.279
21.26
21.085
21.116
20.943
20.895
21.229
21.25
21.231
21.344
21.159
21.104
21.234
21.534
21.724
21.684
21.659
21.374
21.272
21.283
21.386
21.627
21.401
20.845
20.316
20.239
20.67
20.735
20.404
20.68
20.724
20.325
20.27
20.45
20.689
20.292
20.182
20.561
20.714
20.947
21.23
21.091
21.045
21.101
21.111
20.816
20.597
21.074
21.441
21.488
21.135
20.771
20.515
20.896
21.048
20.782
20.797
20.795
20.616
20.255
20.313
20.363
20.118
19.996
19.875
19.761
19.76
19.763
19.688
19.734
19.794
20.067
20.144
19.941
19.77
19.752
19.798
19.89
19.974
20.251
20.379
20.538
20.608
20.435
20.461
20.708
20.884
21.129
21.164
20.928
20.741
20.668
20.73
21.002
20.962
20.831
20.656
20.625
20.668
20.646
20.633
20.746
20.736
20.778
20.895
21.156
21.216
21.181
21.075
20.998
21.142
21.052
20.894
21.038
21.151
21.123
20.902
20.562
20.312
20.214
20.085
20.095
20.086
20.029
19.966
19.982
19.961
19.923
20.122
20.177
20.265
20.349
20.583
20.545
20.634
20.637
20.296
20.04
19.932
19.915
20.149
20.371
20.462
20.396
20.253
20.354
20.448
20.52
20.56
20.541
20.628
20.683
20.817
20.862
20.784
20.621
20.337
20.205
20.151
20.27
20.448
20.404
20.232
20.327
20.244
20.182
20.301
20.323
20.278
20.143
20.112
20.304
20.283
20.277
20.169
20.003
19.986
20.041
19.898
19.707
19.697
19.766
19.815
19.855
19.984
19.982
20.077
20.063
20.043
19.908
19.687
19.51
19.411
19.379
19.315
19.278
19.292
19.331
19.393
19.446
19.478
19.427
19.325
19.284
19.213
19.22
19.253
19.245
19.205
19.157
19.086
19.014
18.945
18.827
18.773
18.686
18.649
18.661
18.657
18.634
18.618
18.615
18.579
18.525
18.499
18.48
18.433
18.369
18.29
18.14
18.043
18.006
18.002
18.028
17.984
17.808
17.645
17.57
17.535
17.534
17.524
17.519
17.504
17.424
17.371
17.378
17.381
17.313
17.243
17.211
17.191
17.208
17.268
17.284
17.28
17.281
17.281
17.23
17.196
17.174
17.152
17.134
17.101
17.105
17.104
17.065
17.01
16.97
16.951
16.914
16.83
16.761
16.66
16.601
16.572
16.575
16.559
16.561
16.572
16.6
16.61
16.591
16.559
16.505
16.456
16.423
16.351
16.3
16.271
16.224
16.199
16.242
16.268
16.231
16.188
16.173
16.164
16.174
16.155
16.15
16.118
16.133
16.164
16.115
16.084
16.073
16.044
16.011
15.968
15.951
15.928
15.858
15.832
15.816
15.785
15.806
15.835
15.855
15.807
15.795
15.775
15.717
15.67
15.642
15.552
15.483
15.457
15.475
15.504
15.534
15.491
15.48
15.515
15.512
15.489
15.442
15.37
15.353
15.364
15.33
15.297
15.294
15.301
15.31
15.3
15.29
15.268
15.258
15.237
15.201
15.154
15.132
15.115
15.105
15.083
15.037
15.0
14.981
14.99
15.003
14.989
14.982
15.003
15.045
15.057
15.068
15.063
15.019
14.984
14.959
14.961
14.97
14.97
15.003
15.04
15.063
15.099
15.096
15.042
14.988
14.951
14.922
14.909
14.913
14.922
14.946
14.966
14.994
14.988
14.969
14.959
14.993
15.008
14.999
14.992
14.94
14.885
14.852
14.823
14.82
14.811
14.803
14.807
14.836
14.854
14.843
14.84
14.85
14.841
14.835
14.818
14.816
14.822
14.821
14.821
14.82
14.777
14.764
14.767
14.766
14.779
14.785
14.751
14.686
14.62
14.544
14.463
14.426
14.415
14.4
14.397
14.402
14.399
14.387
14.376
14.339
14.322
14.295
14.288
14.282
14.239
14.164
14.109
14.056
14.025
14.004
13.99
13.967
13.953
13.959
13.95
13.935
13.911
13.894
13.892
13.873
13.853
13.84
13.831
13.822
13.798
13.767
13.745
13.734
13.728
13.719
13.708
13.699
13.701
13.689
13.672
13.658
13.669
13.658
13.661
13.677
13.677
13.68
13.655
13.629
13.633
13.647
13.649
13.647
13.634
13.62
13.606
13.602
13.592
13.574
13.55
13.526
13.497
13.45
13.408
13.358
13.334
13.316
13.308
13.311
13.309
13.296
13.295
13.263
13.241
13.225
13.208
13.182
13.142
13.099
13.064
13.039
13.021
12.987
12.945
12.915
12.901
12.884
12.889
12.875
12.822
12.81
12.881
12.927
12.91
12.876
12.849
12.845
12.802
12.787
12.86
12.913
12.964
12.962
12.986
12.997
12.976
12.972
12.977
12.976
12.972
12.986
12.961
12.932
12.919
12.909
12.902
12.883
12.846
12.851
12.822
12.825
12.838
12.8
12.778
12.743
12.712
12.697
12.67
12.641
12.587
12.526
12.483
12.446
12.437
12.449
12.458
12.49
12.505
12.538
12.539
12.485
12.429
12.368
12.305
12.249
12.225
12.215
12.209
12.191
12.175
12.172
12.143
12.14
12.128
12.104
12.074
12.049
12.041
12.04
12.035
12.034
12.036
12.038
12.049
12.064
12.082
12.08
12.084
12.064
12.058
12.061
12.056
12.052
12.039
12.037
12.06
12.062
12.078
12.109
12.123
12.127
12.142
12.127
12.14
12.145
12.139
12.127
12.126
12.13
12.133
12.141
12.13
12.141
12.169
12.192
12.201
12.214
12.229
12.222
12.233
12.238
12.232
12.221
12.226
12.224
12.223
12.225
12.22
12.219
12.234
12.252
12.268
12.281
12.298
12.321
12.334
12.335
12.336
12.356
12.356
12.334
12.324
12.316
12.298
12.29
12.287
12.286
12.293
12.303
12.303
12.315
12.315
12.304
12.29
12.281
12.264
12.252
12.249
12.244
12.258
12.26
12.248
12.251
12.237
12.225
12.23
12.231
12.258
12.291
12.332
12.361
12.361
12.36
12.369
12.366
12.35
12.356
12.384
12.399
12.417
12.448
12.464
12.479
12.488
12.52
12.558
12.559
12.567
12.61
12.622
12.623
12.636
12.654
12.671
12.689
12.684
12.701
12.709
12.705
12.71
12.699
12.714
12.709
12.68
12.673
12.659
12.635
12.576
12.567
12.586
12.571
12.557
12.579
12.56
12.526
12.514
12.523
12.541
12.537
12.517
12.49
12.462
12.438
12.422
12.404
12.396
12.386
12.373
12.376
12.376
12.381
12.376
12.37
12.366
12.352
12.354
12.356
12.379
12.387
12.368
12.361
12.348
12.352
12.381
12.412
12.39
12.381
12.371
12.373
12.377
12.357
12.366
12.38
12.384
12.371
12.36
12.369
12.371
12.38
12.39
12.411
12.421
12.426
12.419
12.43
12.428
12.455
12.441
12.442
12.442
12.426
12.414
12.348
12.273
12.204
12.172
12.154
12.116
12.119
12.132
12.094
12.046
12.03
11.999
11.985
12.001
12.022
12.019
11.996
12.007
12.029
11.99
11.947
11.925
11.889
11.901
11.92
11.929
11.902
11.873
11.865
11.854
11.849
11.848
11.848
11.845
11.849
11.843
11.879
11.909
11.937
11.929
11.934
11.967
11.952
11.95
11.939
11.955
11.993
12.005
12.031
12.063
12.072
12.08
12.093
12.117
12.146
12.175
12.186
12.174
12.2
12.225
12.233
12.232
12.219
12.199
12.186
12.165
12.169
12.173
12.164
12.155
12.158
12.178
12.197
12.193
12.198
12.226
12.223
12.222
12.232
12.25
12.26
12.262
12.264
12.261
12.277
12.289
12.29
12.281
12.29
12.282
12.29
12.261
12.261
12.265
12.266
12.268
12.286
12.292
12.278
12.281
12.285
12.293
12.298
12.293
12.298
12.3
12.288
12.279
12.276
12.288
12.285
12.282
12.286
12.277
12.266
12.261
12.254
12.237
12.237
12.239
12.256
12.266
12.263
12.248
12.236
12.227
12.236
12.245
12.263
12.259
12.266
12.269
12.277
12.306
12.315
12.309
12.316
12.328
12.337
12.333
12.34
12.353
12.357
12.355
12.371
12.392
12.412
12.421
12.434
12.456
12.469
12.488
12.481
12.493
12.51
12.53
12.532
12.526
12.522
12.514
12.521
12.515
12.514
12.533
12.552
12.574
12.579
12.581
12.589
12.593
12.582
12.561
12.53
12.529
12.527
12.533
12.539
12.532
12.525
12.485
12.458
12.456
12.446
12.442
12.43
12.418
12.393
12.381
12.361
12.333
12.28
12.234
12.15
12.134
12.116
12.06
12.034
12.059
12.075
12.03
11.973
11.962
11.951
11.951
11.929
11.944
11.929
11.913
11.876
11.883
11.878
11.867
11.842
11.862
11.85
11.819
11.84
11.85
11.841
11.85
11.848
11.867
11.909
11.97
12.006
12.003
11.994
11.993
11.957
11.978
12.018
12.009
12.032
12.018
12.051
12.103
12.143
12.194
12.278
12.335
12.375
12.437
12.535
12.521
12.513
12.53
12.617
12.579
12.529
12.541
12.567
12.541
12.571
12.629
12.664
12.642
12.616
12.553
12.533
12.569
12.606
12.635
12.727
12.743
12.725
12.718
12.755
12.802
12.845
12.918
12.941
12.919
12.968
13.078
13.011
13.004
13.057
13.127
13.176
13.156
13.13
13.205
13.304
13.343
13.219
13.154
13.145
13.134
13.187
13.234
13.255
13.272
13.335
13.407
13.418
13.318
13.281
13.203
13.233
13.202
13.197
13.172
13.179
13.237
13.266
13.288
13.367
13.449
13.621
13.73
13.723
13.831
13.863
13.979
14.001
14.005
13.953
13.898
13.808
13.756
13.772
13.873
13.916
13.857
13.874
13.993
14.078
14.082
14.094
14.148
14.124
14.122
14.088
13.993
14.122
14.417
14.843
15.261
15.539
15.417
15.303
15.131
15.135
15.168
15.086
15.104
15.027
14.914
14.991
15.014
14.982
15.016
15.043
15.133
15.256
15.233
15.213
15.14
15.077
15.203
15.456
15.767
15.848
16.006
16.087
15.977
16.02
15.98
16.027
16.227
16.451
16.61
16.534
16.554
16.595
16.604
16.666
16.59
16.295
16.165
16.105
16.173
16.009
16.142
16.195
16.233
16.337
16.235
16.253
16.393
16.312
16.184
16.391
16.548
16.682
16.918
17.461
17.529
17.4
17.299
17.496
18.026
18.331
18.11
17.775
17.441
17.234
17.319
17.488
17.681
17.371
17.229
17.189
17.378
17.263
17.213
17.246
17.324
17.475
17.636
17.513
17.282
17.215
17.522
17.761
17.817
17.974
17.851
18.111
18.329
17.866
17.621
17.819
18.393
18.653
18.46
18.232
18.318
18.327
18.021
18.073
18.074
18.296
18.43
18.302
18.07
18.353
18.528
18.816
18.987
18.821
18.793
19.053
19.121
18.918
18.796
18.84
18.944
19.323
19.329
18.923
18.849
18.905
19.032
18.962
19.374
19.613
19.81
19.893
19.716
19.613
19.548
19.438
19.395
19.213
19.284
19.397
19.498
19.64
19.65
19.709
19.659
19.846
19.899
19.82
19.698
19.656
19.825
20.031
20.257
19.955
19.557
19.837
19.687
19.446
19.645
19.657
19.454
19.468
19.268
18.993
19.159
19.09
19.194
19.496
19.441
19.517
19.894
20.072
19.793
19.882
20.291
20.291
20.365
20.479
20.611
20.135
19.548
19.436
19.538
19.519
19.358
19.314
19.276
19.436
19.559
19.883
20.096
20.265
20.539
20.853
20.784
20.594
20.413
20.161
19.99
19.648
19.836
20.264
20.656
20.95
21.057
20.961
20.741
20.264
20.193
20.116
20.127
20.094
20.091
20.04
19.861
19.799
19.794
19.575
19.362
19.439
19.627
19.703
19.706
19.697
20.022
20.182
20.258
20.058
20.238
20.398
20.549
20.416
20.616
20.532
20.294
20.452
20.296
19.95
19.814
20.024
20.155
20.141
20.419
20.266
20.25
20.06
20.106
20.414
20.423
20.274
20.3
20.383
20.26
20.551
20.756
20.699
20.487
20.136
19.846
19.905
19.916
19.58
19.425
19.525
19.841
19.847
19.625
19.324
19.33
19.246
19.116
19.135
19.227
19.365
19.288
19.103
18.818
18.828
18.801
18.888
19.114
19.194
18.915
18.658
18.745
18.938
18.982
19.234
19.256
19.206
19.15
19.08
19.168
19.166
18.996
18.648
18.468
18.389
18.453
18.356
18.303
18.174
18.285
18.448
18.535
18.531
18.281
18.388
18.506
18.358
18.374
18.348
18.386
18.268
18.176
18.196
18.132
18.027
17.93
17.761
17.539
17.424
17.329
17.109
17.007
17.084
17.197
17.096
16.967
16.984
17.121
17.28
17.424
17.466
17.424
17.454
17.427
17.551
17.538
17.599
17.56
17.52
17.59
17.708
17.795
17.857
18.047
17.886
17.883
17.845
17.929
17.972
18.169
18.173
18.014
18.173
18.166
18.182
18.085
18.039
17.995
17.918
17.934
17.957
18.041
18.185
18.382
18.35
18.243
18.272
18.228
18.155
18.078
17.818
17.591
17.551
17.53
17.492
17.397
17.234
17.061
17.047
17.084
17.023
16.976
16.998
17.106
17.343
17.569
17.829
18.038
18.032
17.984
17.946
18.015
17.984
18.322
18.765
18.807
18.737
18.806
18.831
18.749
18.594
18.545
18.634
18.932
19.207
19.208
18.954
18.566
18.538
18.329
18.375
18.495
18.488
18.524
18.718
19.079
18.974
18.959
18.771
18.491
18.585
18.7
18.646
18.483
18.598
18.658
18.429
18.223
18.125
18.037
18.053
18.037
17.942
17.781
17.875
18.295
18.461
18.508
18.537
18.444
18.508
18.452
18.224
18.166
18.178
18.089
18.138
18.18
18.098
17.98
18.006
17.926
17.876
17.842
18.056
18.139
18.044
17.979
18.024
17.984
17.91
18.006
18.08
18.016
17.935
17.715
17.511
17.158
16.939
16.805
16.686
16.522
16.425
16.285
16.218
16.184
16.078
16.038
16.076
16.112
16.171
16.225
16.306
16.366
16.395
16.43
16.423
16.401
16.401
16.462
16.538
16.622
16.626
16.541
16.522
16.484
16.41
16.406
16.425
16.453
16.491
16.552
16.585
16.595
16.59
16.55
16.511
16.501
16.474
16.412
16.354
16.355
16.335
16.261
16.23
16.235
16.257
16.281
16.267
16.273
16.311
16.273
16.207
16.163
16.102
16.099
16.148
16.136
16.096
16.078
16.074
16.108
16.159
16.207
16.261
16.261
16.272
16.245
16.234
16.136
16.036
15.977
15.901
15.843
15.805
15.782
15.768
15.768
15.765
15.76
15.718
15.679
15.673
15.662
15.63
15.611
15.604
15.579
15.46
15.351
15.296
15.267
15.229
15.241
15.255
15.263
15.266
15.263
15.266
15.294
15.295
15.297
15.259
15.256
15.266
15.24
15.221
15.191
15.142
15.151
15.168
15.136
15.104
15.099
15.082
15.061
15.071
15.079
15.071
15.081
15.084
15.072
15.055
15.063
15.087
15.123
15.16
15.148
15.152
15.127
15.082
15.052
15.058
15.07
15.074
15.085
15.129
15.157
15.138
15.119
15.13
15.119
15.032
14.964
14.928
14.91
14.886
14.845
14.787
14.76
14.77
14.805
14.864
14.881
14.896
14.919
14.947
14.933
14.89
14.856
14.851
14.855
14.858
14.866
14.88
14.896
14.898
14.881
14.872
14.874
14.857
14.843
14.799
14.69
14.596
14.546
14.54
14.545
14.556
14.562
14.572
14.56
14.574
14.556
14.511
14.448
14.383
14.308
14.244
14.225
14.232
14.195
14.138
14.111
14.104
14.111
14.096
14.095
14.081
14.063
14.006
13.922
13.887
13.868
13.849
13.801
13.747
13.723
13.711
13.72
13.716
13.72
13.674
13.653
13.674
13.709
13.705
13.658
13.619
13.612
13.591
13.589
13.599
13.595
13.589
13.574
13.56
13.545
13.525
13.524
13.504
13.508
13.501
13.503
13.53
13.544
13.55
13.566
13.56
13.554
13.552
13.556
13.581
13.6
13.612
13.6
13.596
13.621
13.618
13.605
13.629
13.658
13.653
13.665
13.697
13.715
13.717
13.737
13.756
13.754
13.757
13.761
13.769
13.778
13.796
13.762
13.743
13.749
13.774
13.755
13.75
13.748
13.737
13.75
13.739
13.723
13.755
13.773
13.803
13.807
13.827
13.82
13.805
13.799
13.774
13.754
13.754
13.769
13.77
13.769
13.784
13.809
13.825
13.847
13.845
13.852
13.896
13.914
13.943
13.949
13.957
13.969
13.932
13.925
13.919
13.93
13.94
13.944
13.96
13.949
13.944
13.93
13.927
13.92
13.866
13.83
13.805
13.784
13.764
13.747
13.732
13.705
13.667
13.644
13.608
13.589
13.569
13.547
13.5
13.472
13.446
13.41
13.388
13.336
13.307
13.287
13.285
13.293
13.284
13.263
13.253
13.241
13.224
13.23
13.24
13.245
13.257
13.277
13.276
13.295
13.316
13.327
13.324
13.311
13.322
13.306
13.31
13.32
13.348
13.345
13.294
13.261
13.251
13.238
13.242
13.255
13.253
13.254
13.26
13.282
13.295
13.299
13.286
13.285
13.272
13.28
13.29
13.267
13.23
13.219
13.226
13.213
13.165
13.189
13.199
13.174
13.118
13.079
13.057
13.044
13.027
13.003
12.996
13.026
13.053
13.039
13.011
12.986
12.959
12.932
12.916
12.896
12.883
12.861
12.844
12.846
12.847
12.841
12.809
12.79
12.802
12.804
12.791
12.79
12.806
12.821
12.81
12.81
12.809
12.802
12.841
12.84
12.84
12.857
12.872
12.877
12.895
12.92
12.931
12.941
12.936
12.942
12.956
12.956
12.943
12.941
12.925
12.907
12.872
12.872
12.854
12.832
12.833
12.838
12.83
12.813
12.81
12.828
12.835
12.798
12.775
12.765
12.751
12.75
12.737
12.719
12.719
12.731
12.727
12.732
12.723
12.723
12.707
12.671
12.626
12.606
12.563
12.524
12.505
12.477
12.446
12.419
12.415
12.4
12.392
12.403
12.411
12.407
12.388
12.365
12.38
12.381
12.426
12.449
12.436
12.419
12.407
12.359
12.308
12.294
12.308
12.316
12.311
12.272
12.208
12.185
12.17
12.171
12.195
12.213
12.234
12.185
12.187
12.214
12.225
12.215
12.186
12.17
12.166
12.168
12.151
12.094
12.103
12.099
12.09
12.097
12.09
12.084
12.071
12.066
12.037
12.032
12.059
12.067
12.076
12.08
12.054
12.048
12.047
12.044
12.061
12.071
12.077
12.077
12.069
12.031
12.032
12.042
12.053
12.075
12.076
12.073
12.077
12.068
12.055
12.042
12.048
12.037
12.041
12.035
12.025
12.035
12.051
12.057
12.083
12.084
12.08
12.105
12.103
12.106
12.123
12.097
12.09
12.081
12.047
12.052
12.041
12.038
12.025
12.023
12.037
12.033
12.025
12.02
12.022
12.016
12.013
12.009
12.012
12.017
12.029
12.024
12.028
12.029
12.03
12.027
12.004
12.016
12.039
12.039
12.017
12.017
12.004
12.001
11.985
11.967
11.968
11.959
11.962
11.967
11.97
11.952
11.925
11.901
11.9
11.898
11.909
11.911
11.926
11.925
11.93
11.931
11.935
11.946
11.93
11.917
11.918
11.922
11.913
11.908
11.911
11.924
11.927
11.932
11.942
11.964
11.98
12.001
11.991
11.953
11.96
11.988
12.005
11.996
12.035
12.031
12.028
12.052
12.058
12.051
12.048
12.04
12.051
12.059
12.101
12.13
12.124
12.122
12.133
12.175
12.184
12.119
12.106
12.111
12.106
12.072
12.048
12.042
12.059
12.056
12.005
11.986
11.97
11.95
11.917
11.934
11.918
11.891
11.896
11.909
11.916
11.904
11.891
11.88
11.889
11.884
11.86
11.875
11.864
11.862
11.874
11.899
11.895
11.872
11.845
11.848
11.856
11.85
11.851
11.857
11.88
11.889
11.899
11.895
11.887
11.881
11.856
11.839
11.844
11.838
11.844
11.87
11.867
11.856
11.854
11.837
11.845
11.857
11.859
11.841
11.862
11.863
11.858
11.859
11.879
11.913
11.929
11.948
11.914
11.939
11.957
11.958
11.957
11.959
11.927
11.944
11.905
11.885
11.91
11.943
11.904
11.838
11.823
11.797
11.772
11.78
11.748
11.755
11.761
11.773
11.781
11.766
11.756
11.77
11.73
11.712
11.69
11.691
11.712
11.688
11.666
11.673
11.672
11.692
11.703
11.694
11.681
11.678
11.689
11.684
11.66
11.692
11.687
11.662
11.674
11.709
11.747
11.769
11.785
11.798
11.814
11.808
11.782
11.772
11.775
11.777
11.772
11.783
11.79
11.801
11.781
11.763
11.736
11.714
11.725
11.741
11.755
11.773
11.786
11.78
11.777
11.745
11.726
11.716
11.722
11.725
11.733
11.721
11.718
11.727
11.734
11.73
11.724
11.723
11.726
11.756
11.77
11.74
11.731
11.739
11.73
11.727
11.737
11.707
11.689
11.698
11.708
11.699
11.717
11.742
11.719
11.718
11.69
11.699
11.731
11.732
11.734
11.717
11.711
11.734
11.745
11.768
11.815
11.805
11.791
11.769
11.771
11.802
11.832
11.809
11.801
11.82
11.834
11.866
11.873
11.853
11.841
11.859
11.879
11.903
11.907
11.9
11.915
11.899
11.889
11.923
11.91
11.896
11.921
11.944
11.907
11.89
11.914
11.953
12.031
12.076
12.09
12.082
12.112
12.149
12.185
12.219
12.191
12.105
12.062
12.067
12.116
12.018
12.005
11.967
11.951
11.966
11.974
11.982
11.956
11.952
11.989
12.021
12.051
12.02
11.997
12.039
12.057
12.05
12.103
12.128
12.14
12.182
12.092
12.085
12.15
12.192
12.218
12.205
12.257
12.277
12.267
12.328
12.374
12.327
12.339
12.381
12.271
12.204
12.196
12.208
12.229
12.225
12.23
12.263
12.308
12.325
12.304
12.317
12.327
12.307
12.341
12.362
12.371
12.441
12.465
12.5
12.483
12.494
12.536
12.543
12.545
12.565
12.628
12.666
12.668
12.664
12.672
12.771
12.831
12.786
12.805
12.812
12.826
12.897
12.95
12.932
12.983
13.082
13.079
13.037
12.996
12.986
12.973
13.126
13.087
13.227
13.266
13.28
13.403
13.371
13.253
13.175
13.253
13.298
13.255
13.247
13.351
13.382
13.379
13.523
13.673
13.747
13.748
13.84
13.812
13.807
13.951
13.935
13.951
14.11
14.2
14.249
14.231
14.193
14.191
14.102
14.199
14.168
14.287
14.265
14.304
14.377
14.473
14.626
14.896
14.962
15.017
14.992
14.791
14.691
14.74
14.833
15.033
15.168
15.159
15.095
14.899
14.734
14.633
14.641
14.722
14.942
14.999
14.978
15.006
15.08
15.188
15.204
15.376
15.548
15.337
15.192
15.133
15.148
15.423
15.726
15.735
15.45
15.35
15.461
15.377
15.551
15.912
16.223
16.113
15.914
15.903
15.997
16.005
15.805
15.615
15.678
15.795
15.895
15.859
16.016
16.348
16.477
16.406
16.466
16.529
16.65
16.5
16.197
16.072
16.028
15.924
16.142
16.472
16.719
16.835
17.006
17.074
17.39
17.375
17.77
17.967
17.643
17.316
17.057
17.036
17.193
17.161
16.941
17.025
17.051
17.108
17.118
16.903
16.879
17.082
17.063
17.52
17.824
18.069
18.078
18.341
18.681
18.937
19.053
19.051
19.274
19.151
18.96
18.856
18.599
18.365
18.593
18.896
19.037
18.945
18.736
18.432
18.382
18.503
18.307
18.121
18.063
17.96
17.991
18.198
18.515
18.98
19.011
19.385
19.429
19.432
19.74
19.58
19.741
19.704
19.417
19.481
19.377
19.048
18.98
19.076
18.968
19.57
19.645
19.141
18.979
19.108
19.138
19.381
19.302
19.005
19.2
19.529
20.196
20.446
20.246
19.727
19.141
18.899
18.777
18.764
18.931
19.185
19.077
19.09
19.311
19.366
19.263
19.195
19.148
18.892
18.912
18.858
18.955
18.918
18.73
18.69
18.46
18.311
18.276
18.702
19.016
18.75
18.776
18.738
18.454
18.261
18.224
18.451
18.611
18.666
18.619
18.49
18.473
18.301
18.351
18.848
18.899
18.749
18.678
18.773
19.266
19.6
19.504
19.456
19.207
19.228
19.097
18.814
18.916
18.921
19.048
18.975
18.776
18.808
18.994
19.377
19.079
18.993
18.879
18.895
18.908
18.613
18.851
19.095
19.094
18.883
18.955
18.962
18.829
18.792
18.672
18.784
18.951
18.75
18.77
18.984
19.172
19.372
19.239
19.119
19.242
19.471
19.379
19.566
19.829
19.65
19.309
19.306
19.416
19.342
19.316
19.1
19.165
19.313
19.369
19.65
20.108
20.108
20.362
20.537
20.492
20.678
20.98
20.851
20.273
19.785
19.756
19.538
19.88
19.726
19.497
19.468
19.762
19.898
20.017
20.173
20.398
20.146
19.912
20.152
20.366
20.414
20.404
20.819
20.884
20.808
20.401
20.193
19.999
19.582
19.499
19.389
19.486
19.945
20.244
20.303
20.117
19.681
19.444
19.299
19.186
19.517
19.684
19.388
19.095
19.175
19.15
19.192
19.45
19.488
19.184
18.964
18.73
18.643
18.606
18.797
18.754
18.768
18.766
18.696
18.62
18.827
19.119
19.021
18.558
18.649
18.618
18.393
18.31
18.531
18.618
18.39
18.446
18.607
18.725
18.683
18.687
18.874
19.041
18.995
19.117
19.277
19.156
18.991
18.912
19.037
18.893
18.82
18.814
18.73
18.8
18.698
18.632
18.862
18.935
18.965
19.153
19.226
19.58
19.935
19.838
19.569
19.545
19.515
19.626
19.785
19.811
19.844
19.84
19.743
19.581
19.667
19.655
19.579
19.713
19.872
20.006
19.794
19.359
18.855
18.638
18.479
18.586
18.648
18.627
18.699
18.698
18.706
18.713
18.863
18.966
18.977
18.971
18.898
19.081
19.282
19.561
19.5
19.494
19.462
19.294
19.231
19.202
19.23
19.254
18.991
18.657
18.653
18.695
18.726
18.797
18.716
18.72
18.763
18.912
18.967
18.818
18.77
18.663
18.66
18.549
18.53
18.629
18.561
18.429
18.52
18.526
18.497
18.368
18.426
18.514
18.473
18.149
17.958
17.852
17.83
17.933
18.086
17.99
17.827
17.778
17.777
17.761
17.745
17.576
17.306
17.231
17.29
17.327
17.261
17.098
16.972
16.919
16.95
16.901
16.836
16.864
16.959
16.904
16.768
16.661
16.605
16.49
16.488
16.563
16.57
16.588
16.596
16.594
16.562
16.528
16.568
16.597
16.673
16.75
16.796
16.689
16.663
16.722
16.738
16.734
16.654
16.543
16.53
16.526
16.578
16.568
16.522
16.463
16.471
16.461
16.432
16.415
16.419
16.435
16.452
16.443
16.408
16.443
16.347
16.312
16.266
16.236
16.246
16.272
16.259
16.245
16.191
16.153
16.109
16.116
15.97
15.791
15.712
15.733
15.751
15.772
15.789
15.817
15.775
15.662
15.599
15.568
15.582
15.617
15.66
15.663
15.624
15.59
15.57
15.56
15.569
15.572
15.542
15.515
15.503
15.495
15.462
15.456
15.48
15.497
15.458
15.375
15.284
15.179
15.079
14.963
14.892
14.86
14.894
14.922
14.918
14.888
14.871
14.857
14.845
14.831
14.8
14.743
14.697
14.692
14.709
14.704
14.708
14.73
14.744
14.714
14.703
14.688
14.675
14.661
14.655
14.652
14.655
14.645
14.65
14.611
14.56
14.53
14.528
14.554
14.537
14.534
14.537
14.47
14.383
14.328
14.273
14.172
14.089
14.043
14.034
14.047
14.039
14.053
14.073
14.091
14.123
14.071
14.007
13.951
13.91
13.901
13.879
13.86
13.851
13.83
13.815
13.823
13.809
13.796
13.773
13.791
13.825
13.849
13.814
13.781
13.765
13.741
13.684
13.662
13.641
13.629
13.64
13.649
13.668
13.667
13.666
13.649
13.627
13.634
13.653
13.675
13.656
13.645
13.637
13.629
13.588
13.585
13.591
13.62
13.616
13.594
13.57
13.539
13.511
13.496
13.501
13.518
13.505
13.513
13.486
13.442
13.411
13.4
13.395
13.392
13.374
13.324
13.281
13.267
13.27
13.238
13.214
13.186
13.157
13.126
13.134
13.128
13.139
13.157
13.181
13.197
13.22
13.24
13.27
13.263
13.215
13.195
13.174
13.179
13.171
13.158
13.099
13.02
12.976
12.952
12.944
12.938
12.954
12.969
12.962
12.948
12.957
12.985
13.009
13.054
13.059
12.993
12.888
12.813
12.752
12.736
12.751
12.753
12.736
12.696
12.681
12.685
12.705
12.727
12.712
12.702
12.693
12.655
12.628
12.618
12.614
12.624
12.616
12.609
12.577
12.559
12.539
12.533
12.548
12.56
12.567
12.597
12.614
12.641
12.667
12.689
12.711
12.722
12.736
12.747
12.775
12.79
12.807
12.822
12.861
12.9
12.935
12.966
12.971
12.996
13.008
12.998
12.999
13.01
13.039
13.042
13.037
13.033
13.036
13.024
12.998
12.99
12.973
12.972
12.989
12.992
12.977
12.962
12.966
12.971
12.982
12.99
12.997
13.0
13.0
13.014
13.038
13.056
13.068
13.067
13.071
13.048
13.03
13.04
13.062
13.074
13.078
13.085
13.1
13.063
13.034
13.025
13.012
13.011
13.019
13.043
13.052
13.079
13.108
13.117
13.122
13.117
13.129
13.143
13.127
13.106
13.093
13.067
13.047
13.037
13.022
13.019
13.007
12.991
12.922
12.892
12.87
12.832
12.809
12.781
12.761
12.73
12.723
12.716
12.702
12.68
12.68
12.684
12.695
12.697
12.707
12.744
12.746
12.767
12.776
12.778
12.795
12.778
12.732
12.703
12.682
12.653
12.619
12.596
12.595
12.568
12.55
12.531
12.512
12.513
12.495
12.493
12.478
12.448
12.403
12.36
12.33
12.31
12.301
12.293
12.294
12.303
12.31
12.319
12.288
12.209
12.132
12.087
12.077
12.056
12.022
12.027
12.034
12.056
12.063
12.06
12.074
12.092
12.112
12.096
12.055
12.029
12.008
11.997
12.004
12.011
12.009
11.978
11.968
11.972
11.955
11.953
11.964
11.962
11.961
11.94
11.904
11.885
11.867
11.855
11.847
11.82
11.8
11.79
11.789
11.745
11.736
11.762
11.773
11.806
11.822
11.82
11.823
11.81
11.803
11.803
11.8
11.798
11.795
11.794
11.788
11.786
11.796
11.798
11.785
11.774
11.788
11.801
11.807
11.799
11.794
11.802
11.801
11.803
11.815
11.825
11.833
11.84
11.841
11.843
11.827
11.816
11.813
11.823
11.834
11.817
11.795
11.804
11.809
11.831
11.85
11.863
11.872
11.876
11.871
11.872
11.872
11.877
11.893
11.909
11.916
11.91
11.904
11.928
11.962
11.983
12.002
12.002
12.003
12.0
11.981
11.993
12.018
12.032
12.039
12.035
12.08
12.201
12.25
12.261
12.289
12.374
12.48
12.539
12.579
12.603
12.629
12.649
12.666
12.66
12.66
12.607
12.615
12.65
12.667
12.644
12.647
12.641
12.649
12.693
12.691
12.7
12.714
12.699
12.705
12.69
12.713
12.717
12.706
12.687
12.692
12.707
12.72
12.722
12.735
12.746
12.763
12.768
12.762
12.75
12.753
12.743
12.722
12.681
12.64
12.604
12.558
12.52
12.472
12.443
12.455
12.458
12.448
12.409
12.371
12.343
12.31
12.275
12.245
12.21
12.169
12.13
12.091
12.058
12.038
12.019
11.992
11.975
11.967
11.959
11.963
11.966
11.969
11.966
11.961
11.957
11.97
11.97
11.96
11.956
11.96
11.966
11.953
11.927
11.881
11.858
11.852
11.832
11.837
11.851
11.855
11.863
11.867
11.859
11.837
11.824
11.797
11.757
11.722
11.705
11.694
11.684
11.648
11.626
11.622
11.614
11.605
11.6
11.592
11.597
11.607
11.618
11.62
11.639
11.66
11.665
11.669
11.668
11.659
11.652
11.639
11.628
11.614
11.6
11.582
11.555
11.525
11.505
11.496
11.479
11.468
11.46
11.452
11.445
11.443
11.442
11.436
11.438
11.441
11.43
11.433
11.446
11.451
11.45
11.42
11.399
11.377
11.375
11.37
11.361
11.362
11.372
11.386
11.387
11.393
11.391
11.405
11.413
11.415
11.404
11.404
11.396
11.398
11.402
11.399
11.401
11.401
11.4
11.405
11.407
11.422
11.439
11.454
11.469
11.471
11.477
11.498
11.511
11.524
11.54
11.551
11.552
11.554
11.558
11.551
11.542
11.537
11.525
11.519
11.515
11.517
11.525
11.525
11.531
11.536
11.544
11.563
11.57
11.572
11.578
11.593
11.608
11.612
11.617
11.606
11.606
11.601
11.595
11.576
11.572
11.58
11.587
11.576
11.572
11.561
11.545
11.532
11.52
11.527
11.532
11.527
11.497
11.482
11.475
11.495
11.51
11.522
11.534
11.525
11.503
11.497
11.501
11.505
11.514
11.517
11.509
11.505
11.504
11.493
11.488
11.48
11.465
11.456
11.453
11.449
11.452
11.455
11.455
11.46
11.457
11.466
11.463
11.452
11.443
11.446
11.443
11.444
11.451
11.44
11.437
11.443
11.455
11.458
11.469
11.476
11.46
11.422
11.416
11.387
11.371
11.351
11.343
11.341
11.336
11.332
11.308
11.287
11.28
11.259
11.258
11.272
11.271
11.233
11.23
11.245
11.257
11.273
11.256
11.219
11.198
11.179
11.134
11.122
11.117
11.098
11.072
11.06
11.067
11.09
11.099
11.091
11.074
11.075
11.083
11.072
11.066
11.06
11.069
11.054
11.024
11.008
10.998
10.987
11.011
11.04
11.061
11.039
11.031
11.059
11.06
11.08
11.108
11.104
11.136
11.137
11.159
11.195
11.217
11.21
11.209
11.205
11.202
11.223
11.291
11.325
11.354
11.348
11.369
11.387
11.42
11.392
11.423
11.414
11.417
11.392
11.407
11.411
11.406
11.473
11.51
11.525
11.544
11.551
11.483
11.502
11.584
11.579
11.551
11.55
11.602
11.669
11.669
11.688
11.792
11.788
11.74
11.764
11.802
11.817
11.846
11.903
11.907
11.917
11.905
11.958
11.98
12.037
12.096
12.128
12.072
12.036
12.042
12.116
12.129
12.1
12.028
12.074
12.134
12.135
12.163
12.202
12.224
12.282
12.395
12.441
12.37
12.414
12.432
12.479
12.532
12.673
12.732
12.734
12.726
12.722
12.756
12.741
12.771
12.819
12.941
13.071
13.088
13.034
13.068
12.935
12.808
12.786
12.776
12.825
12.821
12.822
12.825
12.893
13.033
13.096
13.058
13.043
12.965
12.942
13.122
13.097
13.113
13.27
13.284
13.303
13.315
13.274
13.291
13.387
13.433
13.351
13.387
13.438
13.45
13.417
13.523
13.533
13.477
13.534
13.507
13.497
13.411
13.363
13.462
13.504
13.479
13.61
13.884
14.143
14.234
14.219
14.21
14.204
14.294
14.294
14.247
14.376
14.552
14.544
14.362
14.348
14.191
13.993
14.037
14.141
14.295
14.67
14.808
14.781
14.874
15.031
14.793
14.651
14.795
15.028
14.945
14.951
14.889
14.73
14.561
14.563
14.474
14.225
14.103
14.146
14.408
14.674
14.91
14.971
15.133
15.354
15.414
15.717
15.997
16.32
16.423
16.442
16.466
16.716
17.043
17.089
16.636
16.107
15.883
16.076
16.35
16.961
17.566
17.597
17.655
17.494
17.57
17.733
17.865
17.799
17.57
17.623
17.568
17.918
18.302
18.94
18.891
18.894
18.561
18.283
18.077
18.073
18.212
18.417
18.213
18.294
18.691
18.916
18.973
18.693
18.632
18.729
19.284
19.384
19.626
19.779
19.222
19.052
19.208
19.27
19.316
19.058
18.832
18.824
19.315
19.524
19.596
19.501
19.434
19.646
19.384
19.193
19.516
19.831
19.609
19.608
19.488
19.258
19.343
19.374
19.08
18.816
19.279
19.395
19.555
19.19
18.69
18.437
18.343
18.613
18.705
18.706
19.057
19.607
19.805
19.874
19.5
19.15
19.218
19.209
18.904
18.376
18.116
18.345
18.489
18.595
18.6
18.715
18.81
18.932
18.915
18.537
18.227
18.262
18.198
18.365
18.395
18.477
18.541
18.399
18.379
18.301
18.13
18.3
18.512
18.42
18.381
18.392
18.788
19.029
18.881
18.611
18.563
18.367
18.496
18.589
18.502
18.382
18.358
18.701
19.071
19.298
19.222
19.311
19.286
19.169
18.996
18.625
18.521
18.745
18.689
18.737
18.683
19.089
19.407
19.685
19.221
19.216
19.591
19.699
19.408
19.217
19.405
19.31
19.352
19.067
18.701
18.46
18.338
18.36
18.523
18.829
19.269
19.405
19.67
19.807
20.03
19.987
19.702
19.583
19.539
19.268
19.232
19.598
19.806
20.054
19.727
19.166
19.107
19.025
19.701
19.888
19.577
19.248
19.527
19.502
19.635
19.865
19.975
19.482
19.345
19.509
19.468
19.44
19.075
18.966
19.006
18.895
19.288
19.43
19.414
19.608
19.496
19.46
19.599
19.851
20.052
20.204
20.103
19.974
19.734
19.837
19.655
19.748
19.767
19.986
19.936
19.82
19.864
19.725
19.341
18.979
18.902
18.954
18.819
18.541
18.63
19.055
19.266
19.151
18.964
18.979
19.036
19.158
19.057
18.871
18.872
19.25
19.377
19.733
19.92
19.896
20.048
19.95
19.571
19.601
19.913
20.037
19.718
19.321
18.863
18.866
18.844
18.713
18.95
19.349
19.442
19.535
19.578
19.491
19.369
19.47
19.488
19.239
19.065
18.965
19.137
19.343
19.212
19.25
19.364
19.498
19.207
18.949
18.605
18.448
18.253
18.034
18.161
18.211
18.095
17.768
17.779
17.996
18.283
18.346
18.347
18.495
18.381
18.553
18.728
18.727
18.539
18.369
18.245
18.126
18.073
17.877
17.952
18.043
18.079
18.089
18.21
18.204
18.15
18.121
18.143
18.338
18.331
18.522
18.44
18.143
17.811
17.962
18.214
18.326
18.221
18.073
18.153
18.251
18.077
18.036
18.403
18.47
18.446
18.538
18.753
18.726
18.814
18.618
18.288
18.165
18.078
17.831
17.665
17.485
17.407
17.365
17.232
17.073
17.007
17.123
17.291
17.201
17.169
17.25
17.421
17.48
17.418
17.317
17.353
17.304
17.306
17.247
17.231
17.297
17.456
17.344
17.172
16.997
17.072
17.031
16.986
17.139
17.118
17.031
16.971
16.866
16.853
16.978
16.906
16.995
17.1
17.093
17.045
17.049
17.069
17.035
16.888
16.868
16.851
16.783
16.675
16.582
16.588
16.602
16.48
16.458
16.428
16.353
16.326
16.316
16.304
16.306
16.421
16.393
16.322
16.383
16.501
16.622
16.643
16.69
16.687
16.701
16.747
16.658
16.609
16.586
16.617
16.6
16.597
16.582
16.602
16.577
16.608
16.597
16.614
16.748
16.922
17.049
17.124
17.265
17.335
17.31
17.344
17.364
17.483
17.369
17.263
17.168
17.054
16.899
16.758
16.673
16.838
17.072
17.026
16.997
17.002
16.97
16.928
16.901
16.902
16.827
16.878
16.979
17.099
17.189
17.289
17.336
17.263
17.224
17.234
17.181
17.096
17.122
17.089
17.091
17.101
17.212
17.268
17.304
17.202
17.09
16.99
16.912
16.871
16.77
16.606
16.516
16.425
16.42
16.38
16.314
16.259
16.205
16.163
16.13
16.082
16.038
15.974
15.945
15.89
15.868
15.856
15.812
15.774
15.743
15.706
15.687
15.655
15.607
15.592
15.598
15.619
15.605
15.557
15.514
15.496
15.496
15.505
15.5
15.476
15.497
15.529
15.522
15.466
15.447
15.452
15.439
15.427
15.378
15.319
15.271
15.245
15.275
15.261
15.257
15.212
15.189
15.199
15.193
15.145
15.105
15.041
14.984
14.93
14.911
14.931
14.843
14.834
14.803
14.792
14.759
14.779
14.773
14.813
14.829
14.881
14.941
14.933
14.931
14.934
14.903
14.857
14.827
14.801
14.769
14.759
14.766
14.761
14.736
14.749
14.732
14.698
14.706
14.691
14.661
14.611
14.623
14.646
14.644
14.619
14.576
14.568
14.538
14.515
14.485
14.458
14.374
14.24
14.217
14.345
14.341
14.258
14.219
14.205
14.249
14.254
14.29
14.284
14.185
14.093
14.001
13.923
13.92
13.944
14.017
14.12
14.126
14.021
13.856
13.738
13.614
13.546
13.51
13.479
13.481
13.457
13.47
13.553
13.624
13.682
13.655
13.722
13.792
13.813
13.731
13.664
13.651
13.712
13.83
13.896
13.936
13.87
13.791
13.802
13.817
13.799
13.823
13.822
13.8
13.785
13.725
13.688
13.675
13.719
13.654
13.607
13.593
13.596
13.545
13.545
13.595
13.503
13.263
13.21
13.183
13.212
13.202
13.156
13.117
13.117
13.073
13.019
12.946
12.924
12.903
12.837
12.773
12.764
12.782
12.807
12.788
12.807
12.838
12.794
12.744
12.737
12.672
12.586
12.53
12.466
12.396
12.297
12.29
12.327
12.344
12.332
12.286
12.332
12.401
12.367
12.348
12.365
12.387
12.377
12.389
12.368
12.345
12.344
12.346
12.383
12.403
12.342
12.265
12.258
12.272
12.238
12.202
12.12
12.042
12.033
12.026
12.004
12.021
12.053
11.98
11.947
12.063
12.179
12.17
12.192
12.189
12.171
12.106
12.013
11.956
11.922
11.933
11.909
11.944
12.007
12.072
12.126
12.084
12.039
12.084
12.082
12.1
12.077
12.088
12.052
12.012
12.016
12.026
12.037
12.056
12.033
12.02
12.025
12.02
11.985
11.946
11.905
11.835
11.813
11.776
11.753
11.749
11.736
11.685
11.613
11.449
11.267
11.159
11.141
11.164
11.176
11.222
11.303
11.357
11.443
11.504
11.502
11.448
11.383
11.278
11.17
11.084
11.002
10.931
10.828
10.676
10.669
10.638
10.475
10.406
10.409
10.384
10.257
10.209
10.268
10.297
10.297
10.32
10.388
10.461
10.505
10.552
10.598
10.562
10.412
10.0
9.552
9.336
9.112
8.942
8.869
8.759
8.72
8.691
8.607
8.72
8.873
9.051
9.128
9.22
9.348
9.464
9.558
9.629
9.626
9.425
9.216
9.169
9.159
9.151
9.188
9.208
9.248
9.354
9.277
9.245
9.408
9.489
9.549
9.644
9.782
9.975
10.092
10.066
10.001
9.892
9.835
9.895
9.941
9.954
9.946
9.971
10.031
10.04
9.985
9.957
9.93
9.858
9.809
9.853
9.905
9.902
9.849
9.839
9.848
9.871
9.922
9.946
9.99
10.106
10.289
